{"/home/travis/build/npmtest/node-npmtest-crawler/test.js":{"path":"/home/travis/build/npmtest/node-npmtest-crawler/test.js","s":{"1":2,"2":2,"3":2,"4":2,"5":2,"6":2,"7":2,"8":1,"9":2,"10":2,"11":1,"12":1,"13":1,"14":1,"15":2,"16":2,"17":2,"18":2,"19":1,"20":1,"21":2,"22":2,"23":2,"24":1,"25":1,"26":1,"27":1,"28":1,"29":1,"30":1,"31":1,"32":1,"33":1,"34":1,"35":1,"36":1,"37":2,"38":2,"39":1,"40":2,"41":2,"42":1,"43":2,"44":2,"45":1,"46":2,"47":2,"48":1,"49":1,"50":1,"51":1,"52":1},"b":{"1":[2,1,1,1],"2":[1,1,1,1],"3":[1,1],"4":[1,1],"5":[1,1],"6":[1,1],"7":[1,1],"8":[1,1],"9":[1,1,1],"10":[1,1],"11":[1,1],"12":[1,1],"13":[1,1],"14":[1,1],"15":[1,1],"16":[1,1]},"f":{"1":2,"2":2,"3":2,"4":2,"5":2,"6":1,"7":1,"8":2,"9":2,"10":2,"11":2,"12":1},"fnMap":{"1":{"name":"(anonymous_1)","line":12,"loc":{"start":{"line":12,"column":1},"end":{"line":12,"column":13}}},"2":{"name":"(anonymous_2)","line":19,"loc":{"start":{"line":19,"column":5},"end":{"line":19,"column":17}}},"3":{"name":"(anonymous_3)","line":23,"loc":{"start":{"line":23,"column":24},"end":{"line":23,"column":36}}},"4":{"name":"(anonymous_4)","line":61,"loc":{"start":{"line":61,"column":5},"end":{"line":61,"column":17}}},"5":{"name":"(anonymous_5)","line":82,"loc":{"start":{"line":82,"column":5},"end":{"line":82,"column":17}}},"6":{"name":"(anonymous_6)","line":102,"loc":{"start":{"line":102,"column":83},"end":{"line":105,"column":10}},"skip":true},"7":{"name":"(anonymous_7)","line":113,"loc":{"start":{"line":113,"column":77},"end":{"line":116,"column":10}},"skip":true},"8":{"name":"(anonymous_8)","line":129,"loc":{"start":{"line":129,"column":12},"end":{"line":129,"column":40}},"skip":true},"9":{"name":"(anonymous_9)","line":137,"loc":{"start":{"line":137,"column":77},"end":{"line":140,"column":10}},"skip":true},"10":{"name":"(anonymous_10)","line":148,"loc":{"start":{"line":148,"column":83},"end":{"line":151,"column":10}},"skip":true},"11":{"name":"(anonymous_11)","line":159,"loc":{"start":{"line":159,"column":79},"end":{"line":162,"column":10}},"skip":true},"12":{"name":"(anonymous_12)","line":170,"loc":{"start":{"line":170,"column":75},"end":{"line":173,"column":10}},"skip":true}},"statementMap":{"1":{"start":{"line":12,"column":0},"end":{"line":185,"column":5}},"2":{"start":{"line":14,"column":4},"end":{"line":14,"column":14}},"3":{"start":{"line":19,"column":4},"end":{"line":56,"column":9}},"4":{"start":{"line":21,"column":8},"end":{"line":21,"column":19}},"5":{"start":{"line":23,"column":8},"end":{"line":35,"column":13}},"6":{"start":{"line":24,"column":12},"end":{"line":34,"column":13}},"7":{"start":{"line":25,"column":16},"end":{"line":28,"column":30}},"8":{"start":{"line":30,"column":16},"end":{"line":33,"column":27}},"9":{"start":{"line":37,"column":8},"end":{"line":39,"column":21}},"10":{"start":{"line":40,"column":8},"end":{"line":53,"column":9}},"11":{"start":{"line":43,"column":12},"end":{"line":46,"column":14}},"12":{"start":{"line":47,"column":12},"end":{"line":47,"column":18}},"13":{"start":{"line":50,"column":12},"end":{"line":51,"column":46}},"14":{"start":{"line":52,"column":12},"end":{"line":52,"column":18}},"15":{"start":{"line":55,"column":8},"end":{"line":55,"column":35}},"16":{"start":{"line":61,"column":4},"end":{"line":63,"column":9}},"17":{"start":{"line":62,"column":8},"end":{"line":62,"column":15}},"18":{"start":{"line":64,"column":4},"end":{"line":77,"column":5}},"19":{"start":{"line":70,"column":8},"end":{"line":70,"column":14}},"20":{"start":{"line":76,"column":8},"end":{"line":76,"column":14}},"21":{"start":{"line":82,"column":4},"end":{"line":84,"column":9}},"22":{"start":{"line":83,"column":8},"end":{"line":83,"column":15}},"23":{"start":{"line":85,"column":4},"end":{"line":184,"column":5}},"24":{"start":{"line":92,"column":8},"end":{"line":94,"column":63}},"25":{"start":{"line":95,"column":8},"end":{"line":95,"column":14}},"26":{"start":{"line":102,"column":8},"end":{"line":111,"column":10},"skip":true},"27":{"start":{"line":109,"column":12},"end":{"line":109,"column":55},"skip":true},"28":{"start":{"line":110,"column":12},"end":{"line":110,"column":48},"skip":true},"29":{"start":{"line":113,"column":8},"end":{"line":126,"column":10},"skip":true},"30":{"start":{"line":120,"column":12},"end":{"line":120,"column":76},"skip":true},"31":{"start":{"line":121,"column":12},"end":{"line":121,"column":73},"skip":true},"32":{"start":{"line":122,"column":12},"end":{"line":122,"column":74},"skip":true},"33":{"start":{"line":123,"column":12},"end":{"line":123,"column":79},"skip":true},"34":{"start":{"line":124,"column":12},"end":{"line":124,"column":25},"skip":true},"35":{"start":{"line":125,"column":12},"end":{"line":125,"column":45},"skip":true},"36":{"start":{"line":128,"column":8},"end":{"line":135,"column":14},"skip":true},"37":{"start":{"line":133,"column":16},"end":{"line":133,"column":29},"skip":true},"38":{"start":{"line":134,"column":16},"end":{"line":134,"column":55},"skip":true},"39":{"start":{"line":137,"column":8},"end":{"line":146,"column":10},"skip":true},"40":{"start":{"line":144,"column":12},"end":{"line":144,"column":25},"skip":true},"41":{"start":{"line":145,"column":12},"end":{"line":145,"column":45},"skip":true},"42":{"start":{"line":148,"column":8},"end":{"line":157,"column":10},"skip":true},"43":{"start":{"line":155,"column":12},"end":{"line":155,"column":25},"skip":true},"44":{"start":{"line":156,"column":12},"end":{"line":156,"column":48},"skip":true},"45":{"start":{"line":159,"column":8},"end":{"line":168,"column":10},"skip":true},"46":{"start":{"line":166,"column":12},"end":{"line":166,"column":25},"skip":true},"47":{"start":{"line":167,"column":12},"end":{"line":167,"column":46},"skip":true},"48":{"start":{"line":170,"column":8},"end":{"line":179,"column":10},"skip":true},"49":{"start":{"line":177,"column":12},"end":{"line":177,"column":94},"skip":true},"50":{"start":{"line":178,"column":12},"end":{"line":178,"column":48},"skip":true},"51":{"start":{"line":182,"column":8},"end":{"line":182,"column":35},"skip":true},"52":{"start":{"line":183,"column":8},"end":{"line":183,"column":14},"skip":true}},"branchMap":{"1":{"line":25,"type":"binary-expr","locations":[{"start":{"line":25,"column":23},"end":{"line":25,"column":62}},{"start":{"line":26,"column":20},"end":{"line":26,"column":70}},{"start":{"line":27,"column":20},"end":{"line":27,"column":71}},{"start":{"line":28,"column":20},"end":{"line":28,"column":29}}]},"2":{"line":30,"type":"binary-expr","locations":[{"start":{"line":30,"column":23},"end":{"line":30,"column":37}},{"start":{"line":31,"column":20},"end":{"line":31,"column":61}},{"start":{"line":32,"column":20},"end":{"line":32,"column":70}},{"start":{"line":33,"column":20},"end":{"line":33,"column":26}}]},"3":{"line":37,"type":"cond-expr","locations":[{"start":{"line":38,"column":14},"end":{"line":38,"column":20}},{"start":{"line":39,"column":14},"end":{"line":39,"column":20}}]},"4":{"line":40,"type":"switch","locations":[{"start":{"line":42,"column":8},"end":{"line":47,"column":18}},{"start":{"line":49,"column":8},"end":{"line":52,"column":18}}]},"5":{"line":44,"type":"binary-expr","locations":[{"start":{"line":44,"column":16},"end":{"line":44,"column":44}},{"start":{"line":44,"column":48},"end":{"line":44,"column":66}}]},"6":{"line":50,"type":"binary-expr","locations":[{"start":{"line":50,"column":21},"end":{"line":50,"column":49}},{"start":{"line":50,"column":53},"end":{"line":50,"column":72}}]},"7":{"line":64,"type":"switch","locations":[{"start":{"line":69,"column":4},"end":{"line":70,"column":14}},{"start":{"line":75,"column":4},"end":{"line":76,"column":14}}]},"8":{"line":85,"type":"switch","locations":[{"start":{"line":90,"column":4},"end":{"line":95,"column":14}},{"start":{"line":101,"column":4},"end":{"line":183,"column":14},"skip":true}]},"9":{"line":92,"type":"binary-expr","locations":[{"start":{"line":92,"column":18},"end":{"line":92,"column":32}},{"start":{"line":93,"column":12},"end":{"line":93,"column":53}},{"start":{"line":94,"column":12},"end":{"line":94,"column":61}}]},"10":{"line":102,"type":"binary-expr","locations":[{"start":{"line":102,"column":45},"end":{"line":102,"column":79},"skip":true},{"start":{"line":102,"column":83},"end":{"line":111,"column":9},"skip":true}]},"11":{"line":113,"type":"binary-expr","locations":[{"start":{"line":113,"column":42},"end":{"line":113,"column":73},"skip":true},{"start":{"line":113,"column":77},"end":{"line":126,"column":9},"skip":true}]},"12":{"line":128,"type":"binary-expr","locations":[{"start":{"line":128,"column":48},"end":{"line":128,"column":85},"skip":true},{"start":{"line":129,"column":12},"end":{"line":135,"column":13},"skip":true}]},"13":{"line":137,"type":"binary-expr","locations":[{"start":{"line":137,"column":42},"end":{"line":137,"column":73},"skip":true},{"start":{"line":137,"column":77},"end":{"line":146,"column":9},"skip":true}]},"14":{"line":148,"type":"binary-expr","locations":[{"start":{"line":148,"column":45},"end":{"line":148,"column":79},"skip":true},{"start":{"line":148,"column":83},"end":{"line":157,"column":9},"skip":true}]},"15":{"line":159,"type":"binary-expr","locations":[{"start":{"line":159,"column":43},"end":{"line":159,"column":75},"skip":true},{"start":{"line":159,"column":79},"end":{"line":168,"column":9},"skip":true}]},"16":{"line":170,"type":"binary-expr","locations":[{"start":{"line":170,"column":41},"end":{"line":170,"column":71},"skip":true},{"start":{"line":170,"column":75},"end":{"line":179,"column":9},"skip":true}]}},"code":["/* istanbul instrument in package npmtest_crawler */","/*jslint","    bitwise: true,","    browser: true,","    maxerr: 8,","    maxlen: 96,","    node: true,","    nomen: true,","    regexp: true,","    stupid: true","*/","(function () {","    'use strict';","    var local;","","","","    // run shared js-env code - pre-init","    (function () {","        // init local","        local = {};","        // init modeJs","        local.modeJs = (function () {","            try {","                return typeof navigator.userAgent === 'string' &&","                    typeof document.querySelector('body') === 'object' &&","                    typeof XMLHttpRequest.prototype.open === 'function' &&","                    'browser';","            } catch (errorCaughtBrowser) {","                return module.exports &&","                    typeof process.versions.node === 'string' &&","                    typeof require('http').createServer === 'function' &&","                    'node';","            }","        }());","        // init global","        local.global = local.modeJs === 'browser'","            ? window","            : global;","        switch (local.modeJs) {","        // re-init local from window.local","        case 'browser':","            local = local.global.utility2.objectSetDefault(","                local.global.utility2_rollup || local.global.local,","                local.global.utility2","            );","            break;","        // re-init local from example.js","        case 'node':","            local = (local.global.utility2_rollup || require('utility2'))","                .requireExampleJsFromReadme();","            break;","        }","        // export local","        local.global.local = local;","    }());","","","","    // run shared js-env code - function","    (function () {","        return;","    }());","    switch (local.modeJs) {","","","","    // run browser js-env code - function","    case 'browser':","        break;","","","","    // run node js-env code - function","    case 'node':","        break;","    }","","","","    // run shared js-env code - post-init","    (function () {","        return;","    }());","    switch (local.modeJs) {","","","","    // run browser js-env code - post-init","    case 'browser':","        // run tests","        local.nop(local.modeTest &&","            document.querySelector('#testRunButton1') &&","            document.querySelector('#testRunButton1').click());","        break;","","","","    // run node js-env code - post-init","    /* istanbul ignore next */","    case 'node':","        local.testCase_buildApidoc_default = local.testCase_buildApidoc_default || function (","            options,","            onError","        ) {","        /*","         * this function will test buildApidoc's default handling-behavior-behavior","         */","            options = { modulePathList: module.paths };","            local.buildApidoc(options, onError);","        };","","        local.testCase_buildApp_default = local.testCase_buildApp_default || function (","            options,","            onError","        ) {","        /*","         * this function will test buildApp's default handling-behavior-behavior","         */","            local.testCase_buildReadme_default(options, local.onErrorThrow);","            local.testCase_buildLib_default(options, local.onErrorThrow);","            local.testCase_buildTest_default(options, local.onErrorThrow);","            local.testCase_buildCustomOrg_default(options, local.onErrorThrow);","            options = [];","            local.buildApp(options, onError);","        };","","        local.testCase_buildCustomOrg_default = local.testCase_buildCustomOrg_default ||","            function (options, onError) {","            /*","             * this function will test buildCustomOrg's default handling-behavior","             */","                options = {};","                local.buildCustomOrg(options, onError);","            };","","        local.testCase_buildLib_default = local.testCase_buildLib_default || function (","            options,","            onError","        ) {","        /*","         * this function will test buildLib's default handling-behavior","         */","            options = {};","            local.buildLib(options, onError);","        };","","        local.testCase_buildReadme_default = local.testCase_buildReadme_default || function (","            options,","            onError","        ) {","        /*","         * this function will test buildReadme's default handling-behavior-behavior","         */","            options = {};","            local.buildReadme(options, onError);","        };","","        local.testCase_buildTest_default = local.testCase_buildTest_default || function (","            options,","            onError","        ) {","        /*","         * this function will test buildTest's default handling-behavior","         */","            options = {};","            local.buildTest(options, onError);","        };","","        local.testCase_webpage_default = local.testCase_webpage_default || function (","            options,","            onError","        ) {","        /*","         * this function will test webpage's default handling-behavior","         */","            options = { modeCoverageMerge: true, url: local.serverLocalHost + '?modeTest=1' };","            local.browserTest(options, onError);","        };","","        // run test-server","        local.testRunServer(local);","        break;","    }","}());",""],"l":{"12":2,"14":2,"19":2,"21":2,"23":2,"24":2,"25":2,"30":1,"37":2,"40":2,"43":1,"47":1,"50":1,"52":1,"55":2,"61":2,"62":2,"64":2,"70":1,"76":1,"82":2,"83":2,"85":2,"92":1,"95":1,"102":1,"109":1,"110":1,"113":1,"120":1,"121":1,"122":1,"123":1,"124":1,"125":1,"128":1,"133":2,"134":2,"137":1,"144":2,"145":2,"148":1,"155":2,"156":2,"159":1,"166":2,"167":2,"170":1,"177":1,"178":1,"182":1,"183":1}},"/home/travis/build/npmtest/node-npmtest-crawler/lib.npmtest_crawler.js":{"path":"/home/travis/build/npmtest/node-npmtest-crawler/lib.npmtest_crawler.js","s":{"1":2,"2":2,"3":2,"4":2,"5":2,"6":2,"7":2,"8":1,"9":2,"10":2,"11":2,"12":2,"13":1,"14":1,"15":1,"16":1},"b":{"1":[2,1,1,1],"2":[1,1,1,1],"3":[1,1],"4":[2,2],"5":[1,1]},"f":{"1":2,"2":2,"3":2},"fnMap":{"1":{"name":"(anonymous_1)","line":12,"loc":{"start":{"line":12,"column":1},"end":{"line":12,"column":13}}},"2":{"name":"(anonymous_2)","line":19,"loc":{"start":{"line":19,"column":5},"end":{"line":19,"column":17}}},"3":{"name":"(anonymous_3)","line":23,"loc":{"start":{"line":23,"column":24},"end":{"line":23,"column":36}}}},"statementMap":{"1":{"start":{"line":12,"column":0},"end":{"line":53,"column":5}},"2":{"start":{"line":14,"column":4},"end":{"line":14,"column":14}},"3":{"start":{"line":19,"column":4},"end":{"line":52,"column":9}},"4":{"start":{"line":21,"column":8},"end":{"line":21,"column":19}},"5":{"start":{"line":23,"column":8},"end":{"line":35,"column":13}},"6":{"start":{"line":24,"column":12},"end":{"line":34,"column":13}},"7":{"start":{"line":25,"column":16},"end":{"line":28,"column":30}},"8":{"start":{"line":30,"column":16},"end":{"line":33,"column":27}},"9":{"start":{"line":37,"column":8},"end":{"line":39,"column":21}},"10":{"start":{"line":41,"column":8},"end":{"line":41,"column":54}},"11":{"start":{"line":43,"column":8},"end":{"line":43,"column":52}},"12":{"start":{"line":45,"column":8},"end":{"line":51,"column":9}},"13":{"start":{"line":46,"column":12},"end":{"line":46,"column":58}},"14":{"start":{"line":48,"column":12},"end":{"line":48,"column":35}},"15":{"start":{"line":49,"column":12},"end":{"line":49,"column":49}},"16":{"start":{"line":50,"column":12},"end":{"line":50,"column":43}}},"branchMap":{"1":{"line":25,"type":"binary-expr","locations":[{"start":{"line":25,"column":23},"end":{"line":25,"column":62}},{"start":{"line":26,"column":20},"end":{"line":26,"column":70}},{"start":{"line":27,"column":20},"end":{"line":27,"column":71}},{"start":{"line":28,"column":20},"end":{"line":28,"column":29}}]},"2":{"line":30,"type":"binary-expr","locations":[{"start":{"line":30,"column":23},"end":{"line":30,"column":37}},{"start":{"line":31,"column":20},"end":{"line":31,"column":61}},{"start":{"line":32,"column":20},"end":{"line":32,"column":70}},{"start":{"line":33,"column":20},"end":{"line":33,"column":26}}]},"3":{"line":37,"type":"cond-expr","locations":[{"start":{"line":38,"column":14},"end":{"line":38,"column":20}},{"start":{"line":39,"column":14},"end":{"line":39,"column":20}}]},"4":{"line":41,"type":"binary-expr","locations":[{"start":{"line":41,"column":16},"end":{"line":41,"column":44}},{"start":{"line":41,"column":48},"end":{"line":41,"column":53}}]},"5":{"line":45,"type":"if","locations":[{"start":{"line":45,"column":8},"end":{"line":45,"column":8}},{"start":{"line":45,"column":8},"end":{"line":45,"column":8}}]}},"code":["/* istanbul instrument in package npmtest_crawler */","/*jslint","    bitwise: true,","    browser: true,","    maxerr: 8,","    maxlen: 96,","    node: true,","    nomen: true,","    regexp: true,","    stupid: true","*/","(function () {","    'use strict';","    var local;","","","","    // run shared js-env code - pre-init","    (function () {","        // init local","        local = {};","        // init modeJs","        local.modeJs = (function () {","            try {","                return typeof navigator.userAgent === 'string' &&","                    typeof document.querySelector('body') === 'object' &&","                    typeof XMLHttpRequest.prototype.open === 'function' &&","                    'browser';","            } catch (errorCaughtBrowser) {","                return module.exports &&","                    typeof process.versions.node === 'string' &&","                    typeof require('http').createServer === 'function' &&","                    'node';","            }","        }());","        // init global","        local.global = local.modeJs === 'browser'","            ? window","            : global;","        // init utility2_rollup","        local = local.global.utility2_rollup || local;","        // init lib","        local.local = local.npmtest_crawler = local;","        // init exports","        if (local.modeJs === 'browser') {","            local.global.utility2_npmtest_crawler = local;","        } else {","            module.exports = local;","            module.exports.__dirname = __dirname;","            module.exports.module = module;","        }","    }());","}());",""],"l":{"12":2,"14":2,"19":2,"21":2,"23":2,"24":2,"25":2,"30":1,"37":2,"41":2,"43":2,"45":2,"46":1,"48":1,"49":1,"50":1}},"/home/travis/build/npmtest/node-npmtest-crawler/example.js":{"path":"/home/travis/build/npmtest/node-npmtest-crawler/example.js","s":{"1":2,"2":2,"3":2,"4":2,"5":2,"6":2,"7":2,"8":1,"9":2,"10":2,"11":2,"12":2,"13":1,"14":2,"15":2,"16":2,"17":2,"18":2,"19":0,"20":2,"21":1,"22":1,"23":1,"24":1,"25":1,"26":0,"27":0,"28":1,"29":1,"30":2,"31":0,"32":0,"33":0,"34":1,"35":2,"36":2,"37":2,"38":2,"39":2,"40":2,"41":0,"42":2,"43":2,"44":2,"45":1,"46":3,"47":1,"48":1,"49":1,"50":1,"51":1,"52":1,"53":1,"54":1,"55":1,"56":1,"57":0,"58":1,"59":6,"60":6,"61":1,"62":2,"63":0,"64":2,"65":1,"66":1,"67":0,"68":0,"69":0,"70":0,"71":0,"72":0,"73":0,"74":0,"75":0,"76":0,"77":0,"78":0,"79":0,"80":0,"81":0,"82":0,"83":0},"b":{"1":[2,1,1,1],"2":[1,1,1,1],"3":[1,1],"4":[2,2],"5":[1,1],"6":[1,1],"7":[2,0],"8":[2,1,1,1,1,1],"9":[0,2,0],"10":[1,1],"11":[2,1,1],"12":[1,0],"13":[0,2],"14":[2,0,0,0,0,0,0],"15":[0,2],"16":[2,0],"17":[1,1],"18":[0,1],"19":[1,2,0,2],"20":[1,0],"21":[1,1],"22":[0,0],"23":[0,0],"24":[0,0],"25":[0,0],"26":[0,0],"27":[0,0],"28":[0,0]},"f":{"1":2,"2":2,"3":2,"4":2,"5":2,"6":2,"7":2,"8":2,"9":3,"10":1,"11":6,"12":0},"fnMap":{"1":{"name":"(anonymous_1)","line":26,"loc":{"start":{"line":26,"column":1},"end":{"line":26,"column":13}}},"2":{"name":"(anonymous_2)","line":33,"loc":{"start":{"line":33,"column":5},"end":{"line":33,"column":17}}},"3":{"name":"(anonymous_3)","line":37,"loc":{"start":{"line":37,"column":24},"end":{"line":37,"column":36}}},"4":{"name":"(anonymous_4)","line":69,"loc":{"start":{"line":69,"column":31},"end":{"line":69,"column":48}},"skip":true},"5":{"name":"(anonymous_5)","line":78,"loc":{"start":{"line":78,"column":26},"end":{"line":78,"column":45}},"skip":true},"6":{"name":"(anonymous_6)","line":123,"loc":{"start":{"line":123,"column":33},"end":{"line":123,"column":48}},"skip":true},"7":{"name":"(anonymous_7)","line":125,"loc":{"start":{"line":125,"column":27},"end":{"line":125,"column":39}},"skip":true},"8":{"name":"(anonymous_8)","line":133,"loc":{"start":{"line":133,"column":59},"end":{"line":133,"column":74}},"skip":true},"9":{"name":"(anonymous_9)","line":143,"loc":{"start":{"line":143,"column":45},"end":{"line":143,"column":62}},"skip":true},"10":{"name":"(anonymous_10)","line":144,"loc":{"start":{"line":144,"column":73},"end":{"line":144,"column":92}},"skip":true},"11":{"name":"(anonymous_11)","line":272,"loc":{"start":{"line":272,"column":51},"end":{"line":272,"column":77}},"skip":true},"12":{"name":"(anonymous_12)","line":314,"loc":{"start":{"line":314,"column":32},"end":{"line":314,"column":61}},"skip":true}},"statementMap":{"1":{"start":{"line":26,"column":0},"end":{"line":325,"column":5}},"2":{"start":{"line":28,"column":4},"end":{"line":28,"column":14}},"3":{"start":{"line":33,"column":4},"end":{"line":60,"column":9}},"4":{"start":{"line":35,"column":8},"end":{"line":35,"column":19}},"5":{"start":{"line":37,"column":8},"end":{"line":49,"column":13}},"6":{"start":{"line":38,"column":12},"end":{"line":48,"column":13}},"7":{"start":{"line":39,"column":16},"end":{"line":42,"column":30}},"8":{"start":{"line":44,"column":16},"end":{"line":47,"column":27}},"9":{"start":{"line":51,"column":8},"end":{"line":53,"column":21}},"10":{"start":{"line":55,"column":8},"end":{"line":57,"column":45}},"11":{"start":{"line":59,"column":8},"end":{"line":59,"column":35}},"12":{"start":{"line":61,"column":4},"end":{"line":324,"column":5}},"13":{"start":{"line":69,"column":8},"end":{"line":121,"column":10},"skip":true},"14":{"start":{"line":70,"column":12},"end":{"line":88,"column":13},"skip":true},"15":{"start":{"line":76,"column":16},"end":{"line":87,"column":19},"skip":true},"16":{"start":{"line":79,"column":20},"end":{"line":86,"column":21},"skip":true},"17":{"start":{"line":82,"column":24},"end":{"line":82,"column":43},"skip":true},"18":{"start":{"line":83,"column":24},"end":{"line":83,"column":30},"skip":true},"19":{"start":{"line":85,"column":24},"end":{"line":85,"column":49},"skip":true},"20":{"start":{"line":89,"column":12},"end":{"line":107,"column":13},"skip":true},"21":{"start":{"line":92,"column":16},"end":{"line":102,"column":17},"skip":true},"22":{"start":{"line":93,"column":20},"end":{"line":93,"column":86},"skip":true},"23":{"start":{"line":94,"column":20},"end":{"line":95,"column":45},"skip":true},"24":{"start":{"line":96,"column":20},"end":{"line":96,"column":42},"skip":true},"25":{"start":{"line":97,"column":20},"end":{"line":97,"column":48},"skip":true},"26":{"start":{"line":100,"column":20},"end":{"line":100,"column":85},"skip":true},"27":{"start":{"line":101,"column":20},"end":{"line":101,"column":96},"skip":true},"28":{"start":{"line":103,"column":16},"end":{"line":103,"column":22},"skip":true},"29":{"start":{"line":106,"column":16},"end":{"line":106,"column":22},"skip":true},"30":{"start":{"line":108,"column":12},"end":{"line":120,"column":13},"skip":true},"31":{"start":{"line":114,"column":16},"end":{"line":119,"column":17},"skip":true},"32":{"start":{"line":116,"column":20},"end":{"line":116,"column":78},"skip":true},"33":{"start":{"line":118,"column":20},"end":{"line":118,"column":47},"skip":true},"34":{"start":{"line":123,"column":8},"end":{"line":141,"column":11},"skip":true},"35":{"start":{"line":124,"column":12},"end":{"line":124,"column":54},"skip":true},"36":{"start":{"line":125,"column":12},"end":{"line":140,"column":14},"skip":true},"37":{"start":{"line":126,"column":16},"end":{"line":126,"column":28},"skip":true},"38":{"start":{"line":127,"column":16},"end":{"line":127,"column":69},"skip":true},"39":{"start":{"line":128,"column":16},"end":{"line":128,"column":75},"skip":true},"40":{"start":{"line":129,"column":16},"end":{"line":131,"column":17},"skip":true},"41":{"start":{"line":130,"column":20},"end":{"line":130,"column":27},"skip":true},"42":{"start":{"line":133,"column":16},"end":{"line":137,"column":36},"skip":true},"43":{"start":{"line":134,"column":20},"end":{"line":136,"column":55},"skip":true},"44":{"start":{"line":139,"column":16},"end":{"line":139,"column":57},"skip":true},"45":{"start":{"line":143,"column":8},"end":{"line":147,"column":11},"skip":true},"46":{"start":{"line":144,"column":12},"end":{"line":146,"column":15},"skip":true},"47":{"start":{"line":145,"column":16},"end":{"line":145,"column":70},"skip":true},"48":{"start":{"line":149,"column":8},"end":{"line":149,"column":31},"skip":true},"49":{"start":{"line":150,"column":8},"end":{"line":150,"column":14},"skip":true},"50":{"start":{"line":158,"column":8},"end":{"line":158,"column":31},"skip":true},"51":{"start":{"line":160,"column":8},"end":{"line":160,"column":33},"skip":true},"52":{"start":{"line":161,"column":8},"end":{"line":161,"column":37},"skip":true},"53":{"start":{"line":162,"column":8},"end":{"line":162,"column":35},"skip":true},"54":{"start":{"line":164,"column":8},"end":{"line":164,"column":50},"skip":true},"55":{"start":{"line":166,"column":8},"end":{"line":256,"column":2},"skip":true},"56":{"start":{"line":258,"column":8},"end":{"line":286,"column":9},"skip":true},"57":{"start":{"line":259,"column":12},"end":{"line":269,"column":14},"skip":true},"58":{"start":{"line":271,"column":12},"end":{"line":285,"column":19},"skip":true},"59":{"start":{"line":274,"column":20},"end":{"line":274,"column":35},"skip":true},"60":{"start":{"line":275,"column":20},"end":{"line":284,"column":21},"skip":true},"61":{"start":{"line":277,"column":24},"end":{"line":277,"column":64},"skip":true},"62":{"start":{"line":279,"column":24},"end":{"line":279,"column":40},"skip":true},"63":{"start":{"line":281,"column":24},"end":{"line":281,"column":40},"skip":true},"64":{"start":{"line":283,"column":24},"end":{"line":283,"column":39},"skip":true},"65":{"start":{"line":288,"column":8},"end":{"line":290,"column":9},"skip":true},"66":{"start":{"line":289,"column":12},"end":{"line":289,"column":18},"skip":true},"67":{"start":{"line":291,"column":8},"end":{"line":293,"column":54},"skip":true},"68":{"start":{"line":294,"column":8},"end":{"line":301,"column":37},"skip":true},"69":{"start":{"line":302,"column":8},"end":{"line":302,"column":82},"skip":true},"70":{"start":{"line":305,"column":8},"end":{"line":307,"column":9},"skip":true},"71":{"start":{"line":306,"column":12},"end":{"line":306,"column":82},"skip":true},"72":{"start":{"line":309,"column":8},"end":{"line":311,"column":9},"skip":true},"73":{"start":{"line":310,"column":12},"end":{"line":310,"column":18},"skip":true},"74":{"start":{"line":312,"column":8},"end":{"line":312,"column":54},"skip":true},"75":{"start":{"line":313,"column":8},"end":{"line":313,"column":69},"skip":true},"76":{"start":{"line":314,"column":8},"end":{"line":322,"column":36},"skip":true},"77":{"start":{"line":315,"column":12},"end":{"line":315,"column":61},"skip":true},"78":{"start":{"line":316,"column":12},"end":{"line":319,"column":13},"skip":true},"79":{"start":{"line":317,"column":16},"end":{"line":317,"column":75},"skip":true},"80":{"start":{"line":318,"column":16},"end":{"line":318,"column":23},"skip":true},"81":{"start":{"line":320,"column":12},"end":{"line":320,"column":38},"skip":true},"82":{"start":{"line":321,"column":12},"end":{"line":321,"column":27},"skip":true},"83":{"start":{"line":323,"column":8},"end":{"line":323,"column":14},"skip":true}},"branchMap":{"1":{"line":39,"type":"binary-expr","locations":[{"start":{"line":39,"column":23},"end":{"line":39,"column":62}},{"start":{"line":40,"column":20},"end":{"line":40,"column":70}},{"start":{"line":41,"column":20},"end":{"line":41,"column":71}},{"start":{"line":42,"column":20},"end":{"line":42,"column":29}}]},"2":{"line":44,"type":"binary-expr","locations":[{"start":{"line":44,"column":23},"end":{"line":44,"column":37}},{"start":{"line":45,"column":20},"end":{"line":45,"column":61}},{"start":{"line":46,"column":20},"end":{"line":46,"column":70}},{"start":{"line":47,"column":20},"end":{"line":47,"column":26}}]},"3":{"line":51,"type":"cond-expr","locations":[{"start":{"line":52,"column":14},"end":{"line":52,"column":20}},{"start":{"line":53,"column":14},"end":{"line":53,"column":20}}]},"4":{"line":55,"type":"binary-expr","locations":[{"start":{"line":55,"column":16},"end":{"line":55,"column":44}},{"start":{"line":55,"column":49},"end":{"line":57,"column":43}}]},"5":{"line":55,"type":"cond-expr","locations":[{"start":{"line":56,"column":14},"end":{"line":56,"column":51}},{"start":{"line":57,"column":14},"end":{"line":57,"column":43}}]},"6":{"line":61,"type":"switch","locations":[{"start":{"line":68,"column":4},"end":{"line":150,"column":14},"skip":true},{"start":{"line":156,"column":4},"end":{"line":323,"column":14},"skip":true}]},"7":{"line":70,"type":"if","locations":[{"start":{"line":70,"column":12},"end":{"line":70,"column":12},"skip":true},{"start":{"line":70,"column":12},"end":{"line":70,"column":12},"skip":true}]},"8":{"line":70,"type":"binary-expr","locations":[{"start":{"line":70,"column":16},"end":{"line":70,"column":22},"skip":true},{"start":{"line":70,"column":27},"end":{"line":70,"column":32},"skip":true},{"start":{"line":71,"column":20},"end":{"line":71,"column":39},"skip":true},{"start":{"line":72,"column":20},"end":{"line":72,"column":49},"skip":true},{"start":{"line":73,"column":20},"end":{"line":73,"column":58},"skip":true},{"start":{"line":74,"column":20},"end":{"line":74,"column":69},"skip":true}]},"9":{"line":79,"type":"switch","locations":[{"start":{"line":80,"column":20},"end":{"line":80,"column":33},"skip":true},{"start":{"line":81,"column":20},"end":{"line":83,"column":30},"skip":true},{"start":{"line":84,"column":20},"end":{"line":85,"column":49},"skip":true}]},"10":{"line":89,"type":"switch","locations":[{"start":{"line":90,"column":12},"end":{"line":103,"column":22},"skip":true},{"start":{"line":105,"column":12},"end":{"line":106,"column":22},"skip":true}]},"11":{"line":89,"type":"binary-expr","locations":[{"start":{"line":89,"column":20},"end":{"line":89,"column":25},"skip":true},{"start":{"line":89,"column":29},"end":{"line":89,"column":48},"skip":true},{"start":{"line":89,"column":52},"end":{"line":89,"column":74},"skip":true}]},"12":{"line":92,"type":"if","locations":[{"start":{"line":92,"column":16},"end":{"line":92,"column":16},"skip":true},{"start":{"line":92,"column":16},"end":{"line":92,"column":16},"skip":true}]},"13":{"line":108,"type":"if","locations":[{"start":{"line":108,"column":12},"end":{"line":108,"column":12},"skip":true},{"start":{"line":108,"column":12},"end":{"line":108,"column":12},"skip":true}]},"14":{"line":108,"type":"binary-expr","locations":[{"start":{"line":108,"column":16},"end":{"line":108,"column":61},"skip":true},{"start":{"line":108,"column":66},"end":{"line":108,"column":72},"skip":true},{"start":{"line":108,"column":77},"end":{"line":108,"column":82},"skip":true},{"start":{"line":109,"column":20},"end":{"line":109,"column":39},"skip":true},{"start":{"line":110,"column":20},"end":{"line":110,"column":49},"skip":true},{"start":{"line":111,"column":20},"end":{"line":111,"column":58},"skip":true},{"start":{"line":112,"column":20},"end":{"line":112,"column":68},"skip":true}]},"15":{"line":129,"type":"if","locations":[{"start":{"line":129,"column":16},"end":{"line":129,"column":16},"skip":true},{"start":{"line":129,"column":16},"end":{"line":129,"column":16},"skip":true}]},"16":{"line":134,"type":"cond-expr","locations":[{"start":{"line":135,"column":26},"end":{"line":135,"column":29},"skip":true},{"start":{"line":136,"column":26},"end":{"line":136,"column":54},"skip":true}]},"17":{"line":164,"type":"binary-expr","locations":[{"start":{"line":164,"column":27},"end":{"line":164,"column":43},"skip":true},{"start":{"line":164,"column":47},"end":{"line":164,"column":49},"skip":true}]},"18":{"line":258,"type":"if","locations":[{"start":{"line":258,"column":8},"end":{"line":258,"column":8},"skip":true},{"start":{"line":258,"column":8},"end":{"line":258,"column":8},"skip":true}]},"19":{"line":275,"type":"switch","locations":[{"start":{"line":276,"column":20},"end":{"line":277,"column":64},"skip":true},{"start":{"line":278,"column":20},"end":{"line":279,"column":40},"skip":true},{"start":{"line":280,"column":20},"end":{"line":281,"column":40},"skip":true},{"start":{"line":282,"column":20},"end":{"line":283,"column":39},"skip":true}]},"20":{"line":288,"type":"if","locations":[{"start":{"line":288,"column":8},"end":{"line":288,"column":8},"skip":true},{"start":{"line":288,"column":8},"end":{"line":288,"column":8},"skip":true}]},"21":{"line":288,"type":"binary-expr","locations":[{"start":{"line":288,"column":12},"end":{"line":288,"column":40},"skip":true},{"start":{"line":288,"column":44},"end":{"line":288,"column":67},"skip":true}]},"22":{"line":292,"type":"binary-expr","locations":[{"start":{"line":292,"column":12},"end":{"line":292,"column":50},"skip":true},{"start":{"line":293,"column":12},"end":{"line":293,"column":53},"skip":true}]},"23":{"line":295,"type":"binary-expr","locations":[{"start":{"line":295,"column":12},"end":{"line":295,"column":65},"skip":true},{"start":{"line":296,"column":12},"end":{"line":301,"column":36},"skip":true}]},"24":{"line":302,"type":"binary-expr","locations":[{"start":{"line":302,"column":43},"end":{"line":302,"column":75},"skip":true},{"start":{"line":302,"column":79},"end":{"line":302,"column":81},"skip":true}]},"25":{"line":305,"type":"if","locations":[{"start":{"line":305,"column":8},"end":{"line":305,"column":8},"skip":true},{"start":{"line":305,"column":8},"end":{"line":305,"column":8},"skip":true}]},"26":{"line":309,"type":"if","locations":[{"start":{"line":309,"column":8},"end":{"line":309,"column":8},"skip":true},{"start":{"line":309,"column":8},"end":{"line":309,"column":8},"skip":true}]},"27":{"line":312,"type":"binary-expr","locations":[{"start":{"line":312,"column":27},"end":{"line":312,"column":43},"skip":true},{"start":{"line":312,"column":47},"end":{"line":312,"column":53},"skip":true}]},"28":{"line":316,"type":"if","locations":[{"start":{"line":316,"column":12},"end":{"line":316,"column":12},"skip":true},{"start":{"line":316,"column":12},"end":{"line":316,"column":12},"skip":true}]}},"code":["/*","example.js","","quickstart example","","instruction","    1. save this script as example.js","    2. run the shell command:","        $ npm install npmtest-crawler && PORT=8081 node example.js","    3. play with the browser-demo on http://127.0.0.1:8081","*/","","","","/* istanbul instrument in package npmtest_crawler */","/*jslint","    bitwise: true,","    browser: true,","    maxerr: 8,","    maxlen: 96,","    node: true,","    nomen: true,","    regexp: true,","    stupid: true","*/","(function () {","    'use strict';","    var local;","","","","    // run shared js-env code - pre-init","    (function () {","        // init local","        local = {};","        // init modeJs","        local.modeJs = (function () {","            try {","                return typeof navigator.userAgent === 'string' &&","                    typeof document.querySelector('body') === 'object' &&","                    typeof XMLHttpRequest.prototype.open === 'function' &&","                    'browser';","            } catch (errorCaughtBrowser) {","                return module.exports &&","                    typeof process.versions.node === 'string' &&","                    typeof require('http').createServer === 'function' &&","                    'node';","            }","        }());","        // init global","        local.global = local.modeJs === 'browser'","            ? window","            : global;","        // init utility2_rollup","        local = local.global.utility2_rollup || (local.modeJs === 'browser'","            ? local.global.utility2_npmtest_crawler","            : global.utility2_moduleExports);","        // export local","        local.global.local = local;","    }());","    switch (local.modeJs) {","","","","    // post-init","    // run browser js-env code - post-init","    /* istanbul ignore next */","    case 'browser':","        local.testRunBrowser = function (event) {","            if (!event || (event &&","                    event.currentTarget &&","                    event.currentTarget.className &&","                    event.currentTarget.className.includes &&","                    event.currentTarget.className.includes('onreset'))) {","                // reset output","                Array.from(","                    document.querySelectorAll('body > .resettable')","                ).forEach(function (element) {","                    switch (element.tagName) {","                    case 'INPUT':","                    case 'TEXTAREA':","                        element.value = '';","                        break;","                    default:","                        element.textContent = '';","                    }","                });","            }","            switch (event && event.currentTarget && event.currentTarget.id) {","            case 'testRunButton1':","                // show tests","                if (document.querySelector('#testReportDiv1').style.display === 'none') {","                    document.querySelector('#testReportDiv1').style.display = 'block';","                    document.querySelector('#testRunButton1').textContent =","                        'hide internal test';","                    local.modeTest = true;","                    local.testRunDefault(local);","                // hide tests","                } else {","                    document.querySelector('#testReportDiv1').style.display = 'none';","                    document.querySelector('#testRunButton1').textContent = 'run internal test';","                }","                break;","            // custom-case","            default:","                break;","            }","            if (document.querySelector('#inputTextareaEval1') && (!event || (event &&","                    event.currentTarget &&","                    event.currentTarget.className &&","                    event.currentTarget.className.includes &&","                    event.currentTarget.className.includes('oneval')))) {","                // try to eval input-code","                try {","                    /*jslint evil: true*/","                    eval(document.querySelector('#inputTextareaEval1').value);","                } catch (errorCaught) {","                    console.error(errorCaught);","                }","            }","        };","        // log stderr and stdout to #outputTextareaStdout1","        ['error', 'log'].forEach(function (key) {","            console[key + '_original'] = console[key];","            console[key] = function () {","                var element;","                console[key + '_original'].apply(console, arguments);","                element = document.querySelector('#outputTextareaStdout1');","                if (!element) {","                    return;","                }","                // append text to #outputTextareaStdout1","                element.value += Array.from(arguments).map(function (arg) {","                    return typeof arg === 'string'","                        ? arg","                        : JSON.stringify(arg, null, 4);","                }).join(' ') + '\\n';","                // scroll textarea to bottom","                element.scrollTop = element.scrollHeight;","            };","        });","        // init event-handling","        ['change', 'click', 'keyup'].forEach(function (event) {","            Array.from(document.querySelectorAll('.on' + event)).forEach(function (element) {","                element.addEventListener(event, local.testRunBrowser);","            });","        });","        // run tests","        local.testRunBrowser();","        break;","","","","    // run node js-env code - post-init","    /* istanbul ignore next */","    case 'node':","        // export local","        module.exports = local;","        // require modules","        local.fs = require('fs');","        local.http = require('http');","        local.url = require('url');","        // init assets","        local.assetsDict = local.assetsDict || {};","        /* jslint-ignore-begin */","        local.assetsDict['/assets.index.template.html'] = '\\","<!doctype html>\\n\\","<html lang=\"en\">\\n\\","<head>\\n\\","<meta charset=\"UTF-8\">\\n\\","<meta name=\"viewport\" content=\"width=device-width, initial-scale=1\">\\n\\","<title>{{env.npm_package_name}} (v{{env.npm_package_version}})</title>\\n\\","<style>\\n\\","/*csslint\\n\\","    box-sizing: false,\\n\\","    universal-selector: false\\n\\","*/\\n\\","* {\\n\\","    box-sizing: border-box;\\n\\","}\\n\\","body {\\n\\","    background: #dde;\\n\\","    font-family: Arial, Helvetica, sans-serif;\\n\\","    margin: 2rem;\\n\\","}\\n\\","body > * {\\n\\","    margin-bottom: 1rem;\\n\\","}\\n\\",".utility2FooterDiv {\\n\\","    margin-top: 20px;\\n\\","    text-align: center;\\n\\","}\\n\\","</style>\\n\\","<style>\\n\\","/*csslint\\n\\","*/\\n\\","textarea {\\n\\","    font-family: monospace;\\n\\","    height: 10rem;\\n\\","    width: 100%;\\n\\","}\\n\\","textarea[readonly] {\\n\\","    background: #ddd;\\n\\","}\\n\\","</style>\\n\\","</head>\\n\\","<body>\\n\\","<!-- utility2-comment\\n\\","<div id=\"ajaxProgressDiv1\" style=\"background: #d00; height: 2px; left: 0; margin: 0; padding: 0; position: fixed; top: 0; transition: background 0.5s, width 1.5s; width: 25%;\"></div>\\n\\","utility2-comment -->\\n\\","<h1>\\n\\","<!-- utility2-comment\\n\\","    <a\\n\\","        {{#if env.npm_package_homepage}}\\n\\","        href=\"{{env.npm_package_homepage}}\"\\n\\","        {{/if env.npm_package_homepage}}\\n\\","        target=\"_blank\"\\n\\","    >\\n\\","utility2-comment -->\\n\\","        {{env.npm_package_name}} (v{{env.npm_package_version}})\\n\\","<!-- utility2-comment\\n\\","    </a>\\n\\","utility2-comment -->\\n\\","</h1>\\n\\","<h3>{{env.npm_package_description}}</h3>\\n\\","<!-- utility2-comment\\n\\","<h4><a download href=\"assets.app.js\">download standalone app</a></h4>\\n\\","<button class=\"onclick onreset\" id=\"testRunButton1\">run internal test</button><br>\\n\\","<div id=\"testReportDiv1\" style=\"display: none;\"></div>\\n\\","utility2-comment -->\\n\\","\\n\\","\\n\\","\\n\\","<label>stderr and stdout</label>\\n\\","<textarea class=\"resettable\" id=\"outputTextareaStdout1\" readonly></textarea>\\n\\","<!-- utility2-comment\\n\\","{{#if isRollup}}\\n\\","<script src=\"assets.app.js\"></script>\\n\\","{{#unless isRollup}}\\n\\","utility2-comment -->\\n\\","<script src=\"assets.utility2.rollup.js\"></script>\\n\\","<script src=\"jsonp.utility2._stateInit?callback=window.utility2._stateInit\"></script>\\n\\","<script src=\"assets.npmtest_crawler.rollup.js\"></script>\\n\\","<script src=\"assets.example.js\"></script>\\n\\","<script src=\"assets.test.js\"></script>\\n\\","<!-- utility2-comment\\n\\","{{/if isRollup}}\\n\\","utility2-comment -->\\n\\","<div class=\"utility2FooterDiv\">\\n\\","    [ this app was created with\\n\\","    <a href=\"https://github.com/kaizhu256/node-utility2\" target=\"_blank\">utility2</a>\\n\\","    ]\\n\\","</div>\\n\\","</body>\\n\\","</html>\\n\\","';","        /* jslint-ignore-end */","        if (local.templateRender) {","            local.assetsDict['/'] = local.templateRender(","                local.assetsDict['/assets.index.template.html'],","                {","                    env: local.objectSetDefault(local.env, {","                        npm_package_description: 'the greatest app in the world!',","                        npm_package_name: 'my-app',","                        npm_package_nameAlias: 'my_app',","                        npm_package_version: '0.0.1'","                    })","                }","            );","        } else {","            local.assetsDict['/'] = local.assetsDict['/assets.index.template.html']","                .replace((/\\{\\{env\\.(\\w+?)\\}\\}/g), function (match0, match1) {","                    // jslint-hack","                    String(match0);","                    switch (match1) {","                    case 'npm_package_description':","                        return 'the greatest app in the world!';","                    case 'npm_package_name':","                        return 'my-app';","                    case 'npm_package_nameAlias':","                        return 'my_app';","                    case 'npm_package_version':","                        return '0.0.1';","                    }","                });","        }","        // run the cli","        if (local.global.utility2_rollup || module !== require.main) {","            break;","        }","        local.assetsDict['/assets.example.js'] =","            local.assetsDict['/assets.example.js'] ||","            local.fs.readFileSync(__filename, 'utf8');","        local.assetsDict['/assets.npmtest_crawler.rollup.js'] =","            local.assetsDict['/assets.npmtest_crawler.rollup.js'] ||","            local.fs.readFileSync(","                // buildCustomOrg-hack","                local.npmtest_crawler.__dirname +","                    '/lib.npmtest_crawler.js',","                'utf8'","            ).replace((/^#!/), '//');","        local.assetsDict['/favicon.ico'] = local.assetsDict['/favicon.ico'] || '';","        // if $npm_config_timeout_exit exists,","        // then exit this process after $npm_config_timeout_exit ms","        if (Number(process.env.npm_config_timeout_exit)) {","            setTimeout(process.exit, Number(process.env.npm_config_timeout_exit));","        }","        // start server","        if (local.global.utility2_serverHttp1) {","            break;","        }","        process.env.PORT = process.env.PORT || '8081';","        console.error('server starting on port ' + process.env.PORT);","        local.http.createServer(function (request, response) {","            request.urlParsed = local.url.parse(request.url);","            if (local.assetsDict[request.urlParsed.pathname] !== undefined) {","                response.end(local.assetsDict[request.urlParsed.pathname]);","                return;","            }","            response.statusCode = 404;","            response.end();","        }).listen(process.env.PORT);","        break;","    }","}());",""],"l":{"26":2,"28":2,"33":2,"35":2,"37":2,"38":2,"39":2,"44":1,"51":2,"55":2,"59":2,"61":2,"69":1,"70":2,"76":2,"79":2,"82":2,"83":2,"85":1,"89":2,"92":1,"93":1,"94":1,"96":1,"97":1,"100":1,"101":1,"103":1,"106":1,"108":2,"114":1,"116":1,"118":1,"123":1,"124":2,"125":2,"126":2,"127":2,"128":2,"129":2,"130":1,"133":2,"134":2,"139":2,"143":1,"144":3,"145":1,"149":1,"150":1,"158":1,"160":1,"161":1,"162":1,"164":1,"166":1,"258":1,"259":1,"271":1,"274":6,"275":6,"277":1,"279":2,"281":1,"283":2,"288":1,"289":1,"291":1,"294":1,"302":1,"305":1,"306":1,"309":1,"310":1,"312":1,"313":1,"314":1,"315":1,"316":1,"317":1,"318":1,"320":1,"321":1,"323":1}},"/home/travis/build/npmtest/node-npmtest-crawler/node_modules/crawler/lib/crawler.js":{"path":"/home/travis/build/npmtest/node-npmtest-crawler/node_modules/crawler/lib/crawler.js","s":{"1":1,"2":1,"3":1,"4":1,"5":1,"6":0,"7":0,"8":1,"9":0,"10":0,"11":0,"12":0,"13":1,"14":0,"15":0,"16":0,"17":0,"18":1,"19":0,"20":1,"21":0,"22":1,"23":1,"24":0,"25":0,"26":0,"27":0,"28":0,"29":0,"30":1,"31":1,"32":0,"33":0,"34":0,"35":0,"36":0,"37":0,"38":0,"39":0,"40":0,"41":0,"42":0,"43":0,"44":0,"45":0,"46":0,"47":0,"48":0,"49":1,"50":0,"51":0,"52":0,"53":0,"54":0,"55":0,"56":0,"57":0,"58":0,"59":0,"60":0,"61":0,"62":0,"63":0,"64":0,"65":0,"66":0,"67":0,"68":0,"69":0,"70":0,"71":0,"72":0,"73":0,"74":0,"75":1,"76":0,"77":0,"78":0,"79":0,"80":0,"81":0,"82":0,"83":0,"84":1,"85":0,"86":0,"87":0,"88":0,"89":0,"90":0,"91":0,"92":0,"93":0,"94":0,"95":0,"96":0,"97":0,"98":0,"99":0,"100":0,"101":0,"102":0,"103":0,"104":0,"105":0,"106":0,"107":0,"108":1,"109":0,"110":0,"111":0,"112":0,"113":0,"114":1,"115":0,"116":0,"117":0,"118":0,"119":0,"120":1,"121":0,"122":0,"123":0,"124":0,"125":0,"126":0,"127":0,"128":0,"129":0,"130":0,"131":0,"132":0,"133":0,"134":0,"135":0,"136":0,"137":0,"138":0,"139":0,"140":0,"141":0,"142":0,"143":0,"144":0,"145":0,"146":0,"147":1,"148":0,"149":0,"150":0,"151":0,"152":0,"153":0,"154":0,"155":0,"156":0,"157":0,"158":0,"159":0,"160":0,"161":0,"162":0,"163":0,"164":0,"165":0,"166":0,"167":0,"168":0,"169":0,"170":0,"171":0,"172":0,"173":1,"174":0,"175":0,"176":0,"177":0,"178":1,"179":0,"180":0,"181":0,"182":0,"183":0,"184":0,"185":0,"186":0,"187":0,"188":1,"189":0,"190":0,"191":0,"192":0,"193":0,"194":0,"195":0,"196":0,"197":0,"198":1,"199":0,"200":1},"b":{"1":[0,0],"2":[0,0],"3":[0,0],"4":[0,0],"5":[0,0],"6":[0,0],"7":[0,0],"8":[0,0],"9":[0,0],"10":[0,0],"11":[0,0],"12":[0,0],"13":[0,0],"14":[0,0,0],"15":[0,0],"16":[0,0],"17":[0,0],"18":[0,0],"19":[0,0,0,0],"20":[0,0],"21":[0,0],"22":[0,0],"23":[0,0],"24":[0,0],"25":[0,0],"26":[0,0],"27":[0,0],"28":[0,0],"29":[0,0],"30":[0,0],"31":[0,0],"32":[0,0],"33":[0,0],"34":[0,0],"35":[0,0],"36":[0,0],"37":[0,0],"38":[0,0],"39":[0,0],"40":[0,0],"41":[0,0],"42":[0,0],"43":[0,0],"44":[0,0],"45":[0,0],"46":[0,0],"47":[0,0],"48":[0,0],"49":[0,0],"50":[0,0],"51":[0,0],"52":[0,0],"53":[0,0],"54":[0,0],"55":[0,0],"56":[0,0],"57":[0,0]},"f":{"1":0,"2":0,"3":0,"4":0,"5":0,"6":0,"7":0,"8":0,"9":0,"10":0,"11":0,"12":0,"13":0,"14":0,"15":0,"16":0,"17":0,"18":0,"19":0,"20":0,"21":0,"22":0,"23":0,"24":0,"25":0,"26":0,"27":0,"28":0,"29":0},"fnMap":{"1":{"name":"defaultLog","line":22,"loc":{"start":{"line":22,"column":0},"end":{"line":22,"column":21}}},"2":{"name":"checkJQueryNaming","line":27,"loc":{"start":{"line":27,"column":0},"end":{"line":27,"column":37}}},"3":{"name":"readJqueryUrl","line":35,"loc":{"start":{"line":35,"column":0},"end":{"line":35,"column":39}}},"4":{"name":"(anonymous_4)","line":37,"loc":{"start":{"line":37,"column":59},"end":{"line":37,"column":76}}},"5":{"name":"contentType","line":45,"loc":{"start":{"line":45,"column":0},"end":{"line":45,"column":25}}},"6":{"name":"get","line":49,"loc":{"start":{"line":49,"column":0},"end":{"line":49,"column":23}}},"7":{"name":"Crawler","line":55,"loc":{"start":{"line":55,"column":0},"end":{"line":55,"column":27}}},"8":{"name":"init","line":68,"loc":{"start":{"line":68,"column":25},"end":{"line":68,"column":49}}},"9":{"name":"(anonymous_9)","line":109,"loc":{"start":{"line":109,"column":24},"end":{"line":109,"column":34}}},"10":{"name":"_inject","line":118,"loc":{"start":{"line":118,"column":28},"end":{"line":118,"column":75}}},"11":{"name":"(anonymous_11)","line":143,"loc":{"start":{"line":143,"column":38},"end":{"line":143,"column":60}}},"12":{"name":"(anonymous_12)","line":149,"loc":{"start":{"line":149,"column":26},"end":{"line":149,"column":52}}},"13":{"name":"queue","line":173,"loc":{"start":{"line":173,"column":26},"end":{"line":173,"column":51}}},"14":{"name":"_pushToQueue","line":192,"loc":{"start":{"line":192,"column":33},"end":{"line":192,"column":65}}},"15":{"name":"(anonymous_15)","line":211,"loc":{"start":{"line":211,"column":74},"end":{"line":211,"column":97}}},"16":{"name":"(anonymous_16)","line":212,"loc":{"start":{"line":212,"column":19},"end":{"line":212,"column":29}}},"17":{"name":"(anonymous_17)","line":223,"loc":{"start":{"line":223,"column":24},"end":{"line":223,"column":38}}},"18":{"name":"_deleteEntity","line":233,"loc":{"start":{"line":233,"column":34},"end":{"line":233,"column":65}}},"19":{"name":"(anonymous_19)","line":235,"loc":{"start":{"line":235,"column":28},"end":{"line":235,"column":42}}},"20":{"name":"_attachEntity","line":243,"loc":{"start":{"line":243,"column":34},"end":{"line":243,"column":65}}},"21":{"name":"(anonymous_21)","line":245,"loc":{"start":{"line":245,"column":34},"end":{"line":245,"column":55}}},"22":{"name":"_buildHTTPRequest","line":253,"loc":{"start":{"line":253,"column":38},"end":{"line":253,"column":75}}},"23":{"name":"(anonymous_23)","line":296,"loc":{"start":{"line":296,"column":60},"end":{"line":296,"column":85}}},"24":{"name":"_onContent","line":305,"loc":{"start":{"line":305,"column":31},"end":{"line":305,"column":78}}},"25":{"name":"(anonymous_25)","line":313,"loc":{"start":{"line":313,"column":23},"end":{"line":313,"column":34}}},"26":{"name":"(anonymous_26)","line":352,"loc":{"start":{"line":352,"column":30},"end":{"line":352,"column":68}}},"27":{"name":"(anonymous_27)","line":360,"loc":{"start":{"line":360,"column":32},"end":{"line":360,"column":58}}},"28":{"name":"(anonymous_28)","line":380,"loc":{"start":{"line":380,"column":34},"end":{"line":380,"column":47}}},"29":{"name":"(anonymous_29)","line":397,"loc":{"start":{"line":397,"column":8},"end":{"line":397,"column":18}}}},"statementMap":{"1":{"start":{"line":4,"column":0},"end":{"line":15,"column":33}},"2":{"start":{"line":17,"column":0},"end":{"line":17,"column":94}},"3":{"start":{"line":18,"column":0},"end":{"line":20,"column":11}},"4":{"start":{"line":19,"column":4},"end":{"line":19,"column":31}},"5":{"start":{"line":22,"column":0},"end":{"line":25,"column":1}},"6":{"start":{"line":23,"column":4},"end":{"line":24,"column":137}},"7":{"start":{"line":24,"column":1},"end":{"line":24,"column":137}},"8":{"start":{"line":27,"column":0},"end":{"line":33,"column":1}},"9":{"start":{"line":28,"column":4},"end":{"line":31,"column":5}},"10":{"start":{"line":29,"column":8},"end":{"line":29,"column":40}},"11":{"start":{"line":30,"column":8},"end":{"line":30,"column":30}},"12":{"start":{"line":32,"column":4},"end":{"line":32,"column":19}},"13":{"start":{"line":35,"column":0},"end":{"line":43,"column":1}},"14":{"start":{"line":36,"column":4},"end":{"line":42,"column":5}},"15":{"start":{"line":37,"column":8},"end":{"line":39,"column":11}},"16":{"start":{"line":38,"column":12},"end":{"line":38,"column":30}},"17":{"start":{"line":41,"column":8},"end":{"line":41,"column":28}},"18":{"start":{"line":45,"column":0},"end":{"line":47,"column":1}},"19":{"start":{"line":46,"column":4},"end":{"line":46,"column":35}},"20":{"start":{"line":49,"column":0},"end":{"line":51,"column":1}},"21":{"start":{"line":50,"column":4},"end":{"line":50,"column":50}},"22":{"start":{"line":53,"column":0},"end":{"line":53,"column":21}},"23":{"start":{"line":55,"column":0},"end":{"line":64,"column":1}},"24":{"start":{"line":56,"column":4},"end":{"line":56,"column":20}},"25":{"start":{"line":58,"column":4},"end":{"line":58,"column":26}},"26":{"start":{"line":59,"column":4},"end":{"line":61,"column":5}},"27":{"start":{"line":59,"column":53},"end":{"line":59,"column":67}},"28":{"start":{"line":60,"column":1},"end":{"line":60,"column":150}},"29":{"start":{"line":63,"column":4},"end":{"line":63,"column":23}},"30":{"start":{"line":66,"column":0},"end":{"line":66,"column":37}},"31":{"start":{"line":68,"column":0},"end":{"line":116,"column":2}},"32":{"start":{"line":69,"column":4},"end":{"line":69,"column":20}},"33":{"start":{"line":71,"column":4},"end":{"line":89,"column":6}},"34":{"start":{"line":92,"column":4},"end":{"line":92,"column":53}},"35":{"start":{"line":95,"column":4},"end":{"line":95,"column":51}},"36":{"start":{"line":98,"column":4},"end":{"line":98,"column":123}},"37":{"start":{"line":100,"column":4},"end":{"line":100,"column":171}},"38":{"start":{"line":101,"column":4},"end":{"line":101,"column":30}},"39":{"start":{"line":102,"column":4},"end":{"line":102,"column":46}},"40":{"start":{"line":103,"column":4},"end":{"line":103,"column":41}},"41":{"start":{"line":104,"column":4},"end":{"line":104,"column":30}},"42":{"start":{"line":106,"column":4},"end":{"line":107,"column":31}},"43":{"start":{"line":107,"column":1},"end":{"line":107,"column":31}},"44":{"start":{"line":109,"column":4},"end":{"line":115,"column":7}},"45":{"start":{"line":110,"column":1},"end":{"line":111,"column":50}},"46":{"start":{"line":111,"column":5},"end":{"line":111,"column":50}},"47":{"start":{"line":113,"column":1},"end":{"line":114,"column":31}},"48":{"start":{"line":114,"column":5},"end":{"line":114,"column":31}},"49":{"start":{"line":118,"column":0},"end":{"line":171,"column":2}},"50":{"start":{"line":119,"column":4},"end":{"line":119,"column":10}},"51":{"start":{"line":121,"column":4},"end":{"line":170,"column":5}},"52":{"start":{"line":122,"column":1},"end":{"line":124,"column":2}},"53":{"start":{"line":123,"column":5},"end":{"line":123,"column":106}},"54":{"start":{"line":126,"column":1},"end":{"line":126,"column":32}},"55":{"start":{"line":127,"column":1},"end":{"line":127,"column":38}},"56":{"start":{"line":128,"column":10},"end":{"line":170,"column":5}},"57":{"start":{"line":129,"column":8},"end":{"line":133,"column":10}},"58":{"start":{"line":134,"column":8},"end":{"line":134,"column":77}},"59":{"start":{"line":135,"column":8},"end":{"line":135,"column":56}},"60":{"start":{"line":137,"column":8},"end":{"line":137,"column":45}},"61":{"start":{"line":138,"column":10},"end":{"line":170,"column":5}},"62":{"start":{"line":139,"column":8},"end":{"line":139,"column":41}},"63":{"start":{"line":140,"column":8},"end":{"line":140,"column":86}},"64":{"start":{"line":143,"column":8},"end":{"line":165,"column":11}},"65":{"start":{"line":144,"column":12},"end":{"line":164,"column":13}},"66":{"start":{"line":145,"column":16},"end":{"line":161,"column":19}},"67":{"start":{"line":150,"column":24},"end":{"line":150,"column":42}},"68":{"start":{"line":151,"column":24},"end":{"line":151,"column":63}},"69":{"start":{"line":153,"column":24},"end":{"line":158,"column":25}},"70":{"start":{"line":154,"column":28},"end":{"line":154,"column":43}},"71":{"start":{"line":155,"column":28},"end":{"line":155,"column":42}},"72":{"start":{"line":157,"column":28},"end":{"line":157,"column":45}},"73":{"start":{"line":163,"column":16},"end":{"line":163,"column":63}},"74":{"start":{"line":169,"column":8},"end":{"line":169,"column":42}},"75":{"start":{"line":173,"column":0},"end":{"line":190,"column":2}},"76":{"start":{"line":174,"column":4},"end":{"line":174,"column":20}},"77":{"start":{"line":177,"column":4},"end":{"line":177,"column":55}},"78":{"start":{"line":179,"column":4},"end":{"line":179,"column":37}},"79":{"start":{"line":181,"column":4},"end":{"line":189,"column":5}},"80":{"start":{"line":182,"column":8},"end":{"line":185,"column":9}},"81":{"start":{"line":183,"column":12},"end":{"line":183,"column":77}},"82":{"start":{"line":184,"column":12},"end":{"line":184,"column":21}},"83":{"start":{"line":186,"column":8},"end":{"line":188,"column":10}},"84":{"start":{"line":192,"column":0},"end":{"line":231,"column":2}},"85":{"start":{"line":193,"column":4},"end":{"line":193,"column":20}},"86":{"start":{"line":196,"column":4},"end":{"line":196,"column":41}},"87":{"start":{"line":198,"column":4},"end":{"line":198,"column":38}},"88":{"start":{"line":202,"column":4},"end":{"line":202,"column":87}},"89":{"start":{"line":202,"column":53},"end":{"line":202,"column":85}},"90":{"start":{"line":205,"column":4},"end":{"line":207,"column":5}},"91":{"start":{"line":206,"column":8},"end":{"line":206,"column":14}},"92":{"start":{"line":209,"column":4},"end":{"line":209,"column":34}},"93":{"start":{"line":211,"column":4},"end":{"line":230,"column":7}},"94":{"start":{"line":212,"column":1},"end":{"line":212,"column":63}},"95":{"start":{"line":212,"column":31},"end":{"line":212,"column":38}},"96":{"start":{"line":212,"column":38},"end":{"line":212,"column":60}},"97":{"start":{"line":213,"column":1},"end":{"line":214,"column":40}},"98":{"start":{"line":214,"column":5},"end":{"line":214,"column":40}},"99":{"start":{"line":216,"column":1},"end":{"line":218,"column":2}},"100":{"start":{"line":217,"column":5},"end":{"line":217,"column":49}},"101":{"start":{"line":220,"column":1},"end":{"line":229,"column":9}},"102":{"start":{"line":221,"column":12},"end":{"line":221,"column":100}},"103":{"start":{"line":222,"column":15},"end":{"line":229,"column":9}},"104":{"start":{"line":223,"column":12},"end":{"line":226,"column":14}},"105":{"start":{"line":224,"column":16},"end":{"line":224,"column":33}},"106":{"start":{"line":225,"column":16},"end":{"line":225,"column":47}},"107":{"start":{"line":228,"column":12},"end":{"line":228,"column":43}},"108":{"start":{"line":233,"column":0},"end":{"line":241,"column":1}},"109":{"start":{"line":234,"column":4},"end":{"line":234,"column":20}},"110":{"start":{"line":235,"column":4},"end":{"line":240,"column":6}},"111":{"start":{"line":236,"column":1},"end":{"line":239,"column":2}},"112":{"start":{"line":237,"column":5},"end":{"line":237,"column":42}},"113":{"start":{"line":238,"column":5},"end":{"line":238,"column":26}},"114":{"start":{"line":243,"column":0},"end":{"line":251,"column":1}},"115":{"start":{"line":244,"column":4},"end":{"line":244,"column":20}},"116":{"start":{"line":245,"column":4},"end":{"line":250,"column":16}},"117":{"start":{"line":246,"column":1},"end":{"line":247,"column":41}},"118":{"start":{"line":247,"column":5},"end":{"line":247,"column":41}},"119":{"start":{"line":249,"column":1},"end":{"line":249,"column":15}},"120":{"start":{"line":253,"column":0},"end":{"line":303,"column":2}},"121":{"start":{"line":254,"column":4},"end":{"line":254,"column":20}},"122":{"start":{"line":256,"column":4},"end":{"line":256,"column":48}},"123":{"start":{"line":257,"column":4},"end":{"line":258,"column":45}},"124":{"start":{"line":258,"column":1},"end":{"line":258,"column":45}},"125":{"start":{"line":266,"column":4},"end":{"line":266,"column":32}},"126":{"start":{"line":267,"column":4},"end":{"line":267,"column":52}},"127":{"start":{"line":268,"column":4},"end":{"line":268,"column":30}},"128":{"start":{"line":270,"column":4},"end":{"line":270,"column":45}},"129":{"start":{"line":270,"column":26},"end":{"line":270,"column":43}},"130":{"start":{"line":271,"column":4},"end":{"line":271,"column":47}},"131":{"start":{"line":271,"column":26},"end":{"line":271,"column":46}},"132":{"start":{"line":272,"column":4},"end":{"line":280,"column":5}},"133":{"start":{"line":273,"column":1},"end":{"line":279,"column":2}},"134":{"start":{"line":274,"column":12},"end":{"line":274,"column":61}},"135":{"start":{"line":276,"column":12},"end":{"line":276,"column":62}},"136":{"start":{"line":278,"column":12},"end":{"line":278,"column":58}},"137":{"start":{"line":282,"column":4},"end":{"line":284,"column":5}},"138":{"start":{"line":283,"column":8},"end":{"line":283,"column":46}},"139":{"start":{"line":286,"column":4},"end":{"line":288,"column":5}},"140":{"start":{"line":287,"column":8},"end":{"line":287,"column":39}},"141":{"start":{"line":290,"column":4},"end":{"line":290,"column":31}},"142":{"start":{"line":292,"column":4},"end":{"line":294,"column":120}},"143":{"start":{"line":296,"column":4},"end":{"line":302,"column":7}},"144":{"start":{"line":297,"column":8},"end":{"line":299,"column":9}},"145":{"start":{"line":298,"column":12},"end":{"line":298,"column":51}},"146":{"start":{"line":301,"column":8},"end":{"line":301,"column":48}},"147":{"start":{"line":305,"column":0},"end":{"line":350,"column":2}},"148":{"start":{"line":306,"column":4},"end":{"line":306,"column":20}},"149":{"start":{"line":308,"column":4},"end":{"line":323,"column":5}},"150":{"start":{"line":309,"column":8},"end":{"line":310,"column":77}},"151":{"start":{"line":312,"column":8},"end":{"line":320,"column":2}},"152":{"start":{"line":313,"column":12},"end":{"line":317,"column":36}},"153":{"start":{"line":314,"column":16},"end":{"line":314,"column":34}},"154":{"start":{"line":315,"column":2},"end":{"line":315,"column":22}},"155":{"start":{"line":316,"column":2},"end":{"line":316,"column":20}},"156":{"start":{"line":319,"column":12},"end":{"line":319,"column":70}},"157":{"start":{"line":322,"column":1},"end":{"line":322,"column":8}},"158":{"start":{"line":325,"column":4},"end":{"line":325,"column":45}},"159":{"start":{"line":325,"column":26},"end":{"line":325,"column":43}},"160":{"start":{"line":327,"column":4},"end":{"line":327,"column":85}},"161":{"start":{"line":329,"column":4},"end":{"line":334,"column":5}},"162":{"start":{"line":330,"column":8},"end":{"line":330,"column":43}},"163":{"start":{"line":332,"column":8},"end":{"line":332,"column":23}},"164":{"start":{"line":333,"column":1},"end":{"line":333,"column":62}},"165":{"start":{"line":336,"column":4},"end":{"line":336,"column":31}},"166":{"start":{"line":338,"column":4},"end":{"line":340,"column":5}},"167":{"start":{"line":339,"column":1},"end":{"line":339,"column":56}},"168":{"start":{"line":342,"column":4},"end":{"line":345,"column":5}},"169":{"start":{"line":343,"column":1},"end":{"line":343,"column":57}},"170":{"start":{"line":344,"column":1},"end":{"line":344,"column":56}},"171":{"start":{"line":347,"column":4},"end":{"line":347,"column":29}},"172":{"start":{"line":349,"column":4},"end":{"line":349,"column":63}},"173":{"start":{"line":352,"column":0},"end":{"line":358,"column":1}},"174":{"start":{"line":353,"column":4},"end":{"line":354,"column":24}},"175":{"start":{"line":354,"column":1},"end":{"line":354,"column":24}},"176":{"start":{"line":356,"column":4},"end":{"line":356,"column":19}},"177":{"start":{"line":357,"column":4},"end":{"line":357,"column":56}},"178":{"start":{"line":360,"column":0},"end":{"line":378,"column":1}},"179":{"start":{"line":361,"column":4},"end":{"line":361,"column":20}},"180":{"start":{"line":363,"column":4},"end":{"line":365,"column":5}},"181":{"start":{"line":364,"column":1},"end":{"line":364,"column":8}},"182":{"start":{"line":367,"column":4},"end":{"line":375,"column":5}},"183":{"start":{"line":368,"column":1},"end":{"line":368,"column":72}},"184":{"start":{"line":370,"column":8},"end":{"line":370,"column":42}},"185":{"start":{"line":372,"column":8},"end":{"line":374,"column":9}},"186":{"start":{"line":373,"column":12},"end":{"line":373,"column":69}},"187":{"start":{"line":377,"column":4},"end":{"line":377,"column":45}},"188":{"start":{"line":380,"column":0},"end":{"line":394,"column":1}},"189":{"start":{"line":381,"column":4},"end":{"line":381,"column":50}},"190":{"start":{"line":382,"column":4},"end":{"line":383,"column":16}},"191":{"start":{"line":383,"column":1},"end":{"line":383,"column":16}},"192":{"start":{"line":385,"column":4},"end":{"line":388,"column":5}},"193":{"start":{"line":386,"column":1},"end":{"line":386,"column":122}},"194":{"start":{"line":387,"column":1},"end":{"line":387,"column":16}},"195":{"start":{"line":390,"column":4},"end":{"line":390,"column":71}},"196":{"start":{"line":391,"column":4},"end":{"line":391,"column":59}},"197":{"start":{"line":393,"column":4},"end":{"line":393,"column":19}},"198":{"start":{"line":396,"column":0},"end":{"line":400,"column":2}},"199":{"start":{"line":398,"column":1},"end":{"line":398,"column":40}},"200":{"start":{"line":402,"column":0},"end":{"line":402,"column":25}}},"branchMap":{"1":{"line":23,"type":"if","locations":[{"start":{"line":23,"column":4},"end":{"line":23,"column":4}},{"start":{"line":23,"column":4},"end":{"line":23,"column":4}}]},"2":{"line":28,"type":"if","locations":[{"start":{"line":28,"column":4},"end":{"line":28,"column":4}},{"start":{"line":28,"column":4},"end":{"line":28,"column":4}}]},"3":{"line":36,"type":"if","locations":[{"start":{"line":36,"column":4},"end":{"line":36,"column":4}},{"start":{"line":36,"column":4},"end":{"line":36,"column":4}}]},"4":{"line":50,"type":"binary-expr","locations":[{"start":{"line":50,"column":11},"end":{"line":50,"column":43}},{"start":{"line":50,"column":47},"end":{"line":50,"column":49}}]},"5":{"line":58,"type":"binary-expr","locations":[{"start":{"line":58,"column":14},"end":{"line":58,"column":21}},{"start":{"line":58,"column":23},"end":{"line":58,"column":25}}]},"6":{"line":59,"type":"if","locations":[{"start":{"line":59,"column":4},"end":{"line":59,"column":4}},{"start":{"line":59,"column":4},"end":{"line":59,"column":4}}]},"7":{"line":102,"type":"cond-expr","locations":[{"start":{"line":102,"column":31},"end":{"line":102,"column":38}},{"start":{"line":102,"column":39},"end":{"line":102,"column":45}}]},"8":{"line":106,"type":"if","locations":[{"start":{"line":106,"column":4},"end":{"line":106,"column":4}},{"start":{"line":106,"column":4},"end":{"line":106,"column":4}}]},"9":{"line":110,"type":"if","locations":[{"start":{"line":110,"column":1},"end":{"line":110,"column":1}},{"start":{"line":110,"column":1},"end":{"line":110,"column":1}}]},"10":{"line":113,"type":"if","locations":[{"start":{"line":113,"column":1},"end":{"line":113,"column":1}},{"start":{"line":113,"column":1},"end":{"line":113,"column":1}}]},"11":{"line":121,"type":"if","locations":[{"start":{"line":121,"column":4},"end":{"line":121,"column":4}},{"start":{"line":121,"column":4},"end":{"line":121,"column":4}}]},"12":{"line":122,"type":"if","locations":[{"start":{"line":122,"column":1},"end":{"line":122,"column":1}},{"start":{"line":122,"column":1},"end":{"line":122,"column":1}}]},"13":{"line":128,"type":"if","locations":[{"start":{"line":128,"column":10},"end":{"line":128,"column":10}},{"start":{"line":128,"column":10},"end":{"line":128,"column":10}}]},"14":{"line":128,"type":"binary-expr","locations":[{"start":{"line":128,"column":14},"end":{"line":128,"column":42}},{"start":{"line":128,"column":46},"end":{"line":128,"column":79}},{"start":{"line":128,"column":83},"end":{"line":128,"column":106}}]},"15":{"line":134,"type":"binary-expr","locations":[{"start":{"line":134,"column":29},"end":{"line":134,"column":51}},{"start":{"line":134,"column":55},"end":{"line":134,"column":76}}]},"16":{"line":138,"type":"if","locations":[{"start":{"line":138,"column":10},"end":{"line":138,"column":10}},{"start":{"line":138,"column":10},"end":{"line":138,"column":10}}]},"17":{"line":177,"type":"cond-expr","locations":[{"start":{"line":177,"column":35},"end":{"line":177,"column":42}},{"start":{"line":177,"column":45},"end":{"line":177,"column":54}}]},"18":{"line":182,"type":"if","locations":[{"start":{"line":182,"column":8},"end":{"line":182,"column":8}},{"start":{"line":182,"column":8},"end":{"line":182,"column":8}}]},"19":{"line":182,"type":"binary-expr","locations":[{"start":{"line":182,"column":11},"end":{"line":182,"column":31}},{"start":{"line":182,"column":35},"end":{"line":182,"column":60}},{"start":{"line":182,"column":65},"end":{"line":182,"column":88}},{"start":{"line":182,"column":92},"end":{"line":182,"column":120}}]},"20":{"line":187,"type":"cond-expr","locations":[{"start":{"line":187,"column":37},"end":{"line":187,"column":54}},{"start":{"line":187,"column":57},"end":{"line":187,"column":67}}]},"21":{"line":205,"type":"if","locations":[{"start":{"line":205,"column":4},"end":{"line":205,"column":4}},{"start":{"line":205,"column":4},"end":{"line":205,"column":4}}]},"22":{"line":205,"type":"binary-expr","locations":[{"start":{"line":205,"column":8},"end":{"line":205,"column":35}},{"start":{"line":205,"column":39},"end":{"line":205,"column":64}}]},"23":{"line":211,"type":"binary-expr","locations":[{"start":{"line":211,"column":22},"end":{"line":211,"column":37}},{"start":{"line":211,"column":39},"end":{"line":211,"column":48}}]},"24":{"line":213,"type":"if","locations":[{"start":{"line":213,"column":1},"end":{"line":213,"column":1}},{"start":{"line":213,"column":1},"end":{"line":213,"column":1}}]},"25":{"line":216,"type":"if","locations":[{"start":{"line":216,"column":1},"end":{"line":216,"column":1}},{"start":{"line":216,"column":1},"end":{"line":216,"column":1}}]},"26":{"line":220,"type":"if","locations":[{"start":{"line":220,"column":1},"end":{"line":220,"column":1}},{"start":{"line":220,"column":1},"end":{"line":220,"column":1}}]},"27":{"line":222,"type":"if","locations":[{"start":{"line":222,"column":15},"end":{"line":222,"column":15}},{"start":{"line":222,"column":15},"end":{"line":222,"column":15}}]},"28":{"line":236,"type":"if","locations":[{"start":{"line":236,"column":1},"end":{"line":236,"column":1}},{"start":{"line":236,"column":1},"end":{"line":236,"column":1}}]},"29":{"line":246,"type":"if","locations":[{"start":{"line":246,"column":1},"end":{"line":246,"column":1}},{"start":{"line":246,"column":1},"end":{"line":246,"column":1}}]},"30":{"line":257,"type":"if","locations":[{"start":{"line":257,"column":4},"end":{"line":257,"column":4}},{"start":{"line":257,"column":4},"end":{"line":257,"column":4}}]},"31":{"line":270,"type":"if","locations":[{"start":{"line":270,"column":4},"end":{"line":270,"column":4}},{"start":{"line":270,"column":4},"end":{"line":270,"column":4}}]},"32":{"line":271,"type":"if","locations":[{"start":{"line":271,"column":4},"end":{"line":271,"column":4}},{"start":{"line":271,"column":4},"end":{"line":271,"column":4}}]},"33":{"line":272,"type":"if","locations":[{"start":{"line":272,"column":4},"end":{"line":272,"column":4}},{"start":{"line":272,"column":4},"end":{"line":272,"column":4}}]},"34":{"line":273,"type":"if","locations":[{"start":{"line":273,"column":1},"end":{"line":273,"column":1}},{"start":{"line":273,"column":1},"end":{"line":273,"column":1}}]},"35":{"line":273,"type":"binary-expr","locations":[{"start":{"line":273,"column":4},"end":{"line":273,"column":25}},{"start":{"line":273,"column":29},"end":{"line":273,"column":55}}]},"36":{"line":282,"type":"if","locations":[{"start":{"line":282,"column":4},"end":{"line":282,"column":4}},{"start":{"line":282,"column":4},"end":{"line":282,"column":4}}]},"37":{"line":286,"type":"if","locations":[{"start":{"line":286,"column":4},"end":{"line":286,"column":4}},{"start":{"line":286,"column":4},"end":{"line":286,"column":4}}]},"38":{"line":286,"type":"binary-expr","locations":[{"start":{"line":286,"column":8},"end":{"line":286,"column":21}},{"start":{"line":286,"column":25},"end":{"line":286,"column":45}}]},"39":{"line":297,"type":"if","locations":[{"start":{"line":297,"column":8},"end":{"line":297,"column":8}},{"start":{"line":297,"column":8},"end":{"line":297,"column":8}}]},"40":{"line":308,"type":"if","locations":[{"start":{"line":308,"column":4},"end":{"line":308,"column":4}},{"start":{"line":308,"column":4},"end":{"line":308,"column":4}}]},"41":{"line":310,"type":"cond-expr","locations":[{"start":{"line":310,"column":34},"end":{"line":310,"column":71}},{"start":{"line":310,"column":72},"end":{"line":310,"column":74}}]},"42":{"line":312,"type":"if","locations":[{"start":{"line":312,"column":8},"end":{"line":312,"column":8}},{"start":{"line":312,"column":8},"end":{"line":312,"column":8}}]},"43":{"line":325,"type":"if","locations":[{"start":{"line":325,"column":4},"end":{"line":325,"column":4}},{"start":{"line":325,"column":4},"end":{"line":325,"column":4}}]},"44":{"line":327,"type":"binary-expr","locations":[{"start":{"line":327,"column":24},"end":{"line":327,"column":35}},{"start":{"line":327,"column":37},"end":{"line":327,"column":43}}]},"45":{"line":338,"type":"if","locations":[{"start":{"line":338,"column":4},"end":{"line":338,"column":4}},{"start":{"line":338,"column":4},"end":{"line":338,"column":4}}]},"46":{"line":338,"type":"binary-expr","locations":[{"start":{"line":338,"column":7},"end":{"line":338,"column":32}},{"start":{"line":338,"column":36},"end":{"line":338,"column":51}}]},"47":{"line":342,"type":"if","locations":[{"start":{"line":342,"column":4},"end":{"line":342,"column":4}},{"start":{"line":342,"column":4},"end":{"line":342,"column":4}}]},"48":{"line":342,"type":"binary-expr","locations":[{"start":{"line":342,"column":8},"end":{"line":342,"column":21}},{"start":{"line":342,"column":25},"end":{"line":342,"column":73}}]},"49":{"line":353,"type":"if","locations":[{"start":{"line":353,"column":4},"end":{"line":353,"column":4}},{"start":{"line":353,"column":4},"end":{"line":353,"column":4}}]},"50":{"line":363,"type":"if","locations":[{"start":{"line":363,"column":4},"end":{"line":363,"column":4}},{"start":{"line":363,"column":4},"end":{"line":363,"column":4}}]},"51":{"line":367,"type":"if","locations":[{"start":{"line":367,"column":4},"end":{"line":367,"column":4}},{"start":{"line":367,"column":4},"end":{"line":367,"column":4}}]},"52":{"line":368,"type":"binary-expr","locations":[{"start":{"line":368,"column":15},"end":{"line":368,"column":39}},{"start":{"line":368,"column":43},"end":{"line":368,"column":71}}]},"53":{"line":372,"type":"if","locations":[{"start":{"line":372,"column":8},"end":{"line":372,"column":8}},{"start":{"line":372,"column":8},"end":{"line":372,"column":8}}]},"54":{"line":372,"type":"binary-expr","locations":[{"start":{"line":372,"column":12},"end":{"line":372,"column":31}},{"start":{"line":372,"column":35},"end":{"line":372,"column":54}}]},"55":{"line":382,"type":"if","locations":[{"start":{"line":382,"column":4},"end":{"line":382,"column":4}},{"start":{"line":382,"column":4},"end":{"line":382,"column":4}}]},"56":{"line":385,"type":"if","locations":[{"start":{"line":385,"column":4},"end":{"line":385,"column":4}},{"start":{"line":385,"column":4},"end":{"line":385,"column":4}}]},"57":{"line":390,"type":"cond-expr","locations":[{"start":{"line":390,"column":42},"end":{"line":390,"column":61}},{"start":{"line":390,"column":62},"end":{"line":390,"column":70}}]}},"code":["","'use strict';","","var path = require('path')",", util = require('util')",", EventEmitter = require('events').EventEmitter",", request = require('request')",", _ = require('lodash')",", cheerio = require('cheerio')",", fs = require('fs')",", charsetParser = require('charset-parser')",", Bottleneck = require('bottleneckp')",", seenreq = require('seenreq')",", iconvLite = require('iconv-lite')",", typeis = require('type-is').is;","","var whacko=null, level, levels = ['silly','debug','verbose','info','warn','error','critical'];","try{","    whacko = require('whacko');","}catch(e){}","","function defaultLog(){    //2016-11-24T12:22:55.639Z - debug:","    if( levels.indexOf(arguments[0]) >= levels.indexOf(level) )","\tconsole.log(new Date().toJSON()+\" - \"+ arguments[0] +\": CRAWLER %s\", util.format.apply(util, Array.prototype.slice.call(arguments, 1)));","}","","function checkJQueryNaming (options) {","    if ('jquery' in options) {","        options.jQuery = options.jquery;","        delete options.jquery;","    }","    return options;","}","","function readJqueryUrl (url, callback) {","    if (url.match(/^(file\\:\\/\\/|\\w+\\:|\\/)/)) {","        fs.readFile(url.replace(/^file\\:\\/\\//,''),'utf-8', function(err,jq) {","            callback(err, jq);","        });","    } else {","        callback(null, url);","    }","}","","function contentType(res){","    return get(res,'content-type');","}","","function get(res,field){","    return res.headers[field.toLowerCase()] || '';","}","","var log = defaultLog;","","function Crawler (options) {","    var self = this;","    ","    options = options||{};","    if([\"onDrain\", \"preRequest\",\"cache\"].some(key => key in options)){","\tthrow new Error(\"Support for 'onDrain', 'preRequest', 'cache' has been removed! For more details, see https://github.com/bda-research/node-crawler\");","    }","    ","    self.init(options);","}","// augment the prototype for node events using util.inherits","util.inherits(Crawler, EventEmitter);","","Crawler.prototype.init = function init (options) {","    var self = this;","","    var defaultOptions = {","        autoWindowClose:        true,","        forceUTF8:              true,","        gzip:                   true,","        incomingEncoding:       null,","        jQuery:                 true,","        maxConnections:         10,","        method:                 'GET',","        priority:               5,","        priorityRange:          10,","        rateLimit:             0,","        referer:                false,","        retries:                3,","        retryTimeout:           10000,","        timeout:                15000,","        skipDuplicates:         false,","        rotateUA:               false,","\thomogeneous:            false","    };","","    //return defaultOptions with overriden properties from options.","    self.options = _.extend(defaultOptions, options);","","    // you can use jquery or jQuery","    self.options = checkJQueryNaming(self.options);","    ","    // Don't make these options persist to individual queries","    self.globalOnlyOptions = ['maxConnections', 'rateLimit', 'priorityRange', 'homogeneous', 'skipDuplicates', 'rotateUA'];","","    self.limiters = new Bottleneck.Cluster(self.options.maxConnections,self.options.rateLimit,self.options.priorityRange, self.options.priority, self.options.homogeneous);","    self.seen = new seenreq();","    level = self.options.debug?'debug':'info';","    self.mapEntity = Object.create(null);","    self.entityList = [\"jar\"];","","    if(self.options.logger)","\tlog = self.options.logger.log;","","    self.on('_release', function(){","\tif(this.debug)","\t    log('debug',\"Queue size: %d\",this.queueSize);","\t","\tif(this.limiters.empty)","\t    return this.emit('drain');","    });","};","","Crawler.prototype._inject = function _inject (response, options, callback) {","    var $;","","    if (options.jQuery === 'whacko') {","\tif(!whacko){","\t    throw new Error(\"Please install whacko by your own since `crawler` detected you specify explicitly\");","\t}","\t","\t$ = whacko.load(response.body);","\tcallback(null, response, options, $);","    }else if (options.jQuery === 'cheerio' || options.jQuery.name === 'cheerio' || options.jQuery === true) {","        var defaultCheerioOptions = {","            normalizeWhitespace: false,","            xmlMode: false,","            decodeEntities: true","        };","        var cheerioOptions = options.jQuery.options || defaultCheerioOptions;","        $ = cheerio.load(response.body, cheerioOptions);","","        callback(null, response, options, $);","    }else if (options.jQuery.jsdom) {","        var jsdom = options.jQuery.jsdom;","        var scriptLocation = path.resolve(__dirname, '../vendor/jquery-2.1.1.min.js');","","        //Use promises","        readJqueryUrl(scriptLocation, function(err, jquery) {","            try {","                jsdom.env({","                    url: options.uri,","                    html: response.body,","                    src: [jquery],","                    done: function (errors, window) {","                        $ = window.jQuery;","                        callback(errors, response, options, $);","","                        try {","                            window.close();","                            window = null;","                        } catch (err) {","                            log(\"error\",err);","                        }","","                    }","                });","            } catch (e) {","                options.callback(e,{options}, options.release);","            }","        });","    }","    // Jquery is set to false are not set","    else {","        callback(null, response, options);","    }","};","","Crawler.prototype.queue = function queue (options) {","    var self = this;","    ","    // Did you get a single object or string? Make it compatible.","    options = _.isArray(options) ? options : [options];","","    options = _.flattenDeep(options);","","    for(var i = 0; i < options.length; ++i) {","        if(_.isNull(options[i]) || _.isUndefined(options[i]) || (!_.isString(options[i]) && !_.isPlainObject(options[i]))) {","            log(\"warn\",\"Illegal queue option: \", JSON.stringify(options[i]));","            continue;","        }","        self._pushToQueue(","            _.isString(options[i]) ? {uri: options[i]} : options[i]","        );","    }","};","","Crawler.prototype._pushToQueue = function _pushToQueue (options) {","    var self = this;","","    // you can use jquery or jQuery","    options = checkJQueryNaming(options);","","    _.defaults(options, self.options);","","    // Remove all the global options from our options","    // TODO we are doing this for every _pushToQueue, find a way to avoid this","    self.globalOnlyOptions.forEach(globalOnlyOption=>delete options[globalOnlyOption]);","","    // If duplicate skipping is enabled, avoid queueing entirely for URLs we already crawled","    if (self.options.skipDuplicates && self.seen.exists(options)) {","        return","    }","","    self.emit('schedule',options);","    ","    self.limiters.key(options.limiter||\"default\").submit(options.priority,function(done, limiter){","\toptions.release = function(){ done();self.emit('_release'); };","\tif(!options.callback)","\t    options.callback = options.release;","\t","\tif (limiter) {","\t    self.emit('limiterChange', options, limiter)","\t}","\t","\tif (options.html) {","            self._onContent(null, options, {body:options.html,headers:{'content-type':\"text/html\"}})","        } else if (typeof options.uri === 'function') {","            options.uri(function(uri) {","                options.uri = uri","                self._buildHttpRequest(options)","            })","        } else {","            self._buildHttpRequest(options)","        }","    });","};","","Crawler.prototype._deleteEntity = function _deleteEntity(options){","    var self = this;","    self.entityList.forEach(function(name){","\tif(typeof options[name] === \"object\"){","\t    self.mapEntity[name] = options[name];","\t    delete options[name];","\t}","    })","}","","Crawler.prototype._attachEntity = function _attachEntity(options){","    var self = this;","    return self.entityList.reduce(function(target,name){","\tif(typeof self.mapEntity[name] === \"object\")","\t    target[name] = self.mapEntity[name];","\t","\treturn target;","    }, options);","}","","Crawler.prototype._buildHttpRequest = function _buildHTTPRequest (options) {","    var self = this;","","    log(\"debug\",options.method+' '+options.uri);","    if(options.proxy)","\tlog(\"debug\",\"Use proxy: %s\", options.proxy);","","    // Cloning keeps the opts parameter clean:","    // - some versions of \"request\" apply the second parameter as a","    // property called \"callback\" to the first parameter","    // - keeps the query object fresh in case of a retry","    // Doing parse/stringify instead of _.clone will do a deep clone and remove functions","    ","    self._deleteEntity(options);","    var ropts = JSON.parse(JSON.stringify(options));","    self._attachEntity(ropts);","    ","    if (!ropts.headers) { ropts.headers={}; }","    if (ropts.forceUTF8) {ropts.encoding=null;}","    if (ropts.userAgent) {","\tif(self.options.rotateUA && _.isArray(ropts.userAgent)){","            ropts.headers['User-Agent'] = ropts.userAgent[0];","            // If \"rotateUA\" is true, rotate User-Agent","            options.userAgent.push(options.userAgent.shift());","\t}else{","            ropts.headers['User-Agent'] = ropts.userAgent;","\t}","    }","    ","    if (ropts.referer) {","        ropts.headers.Referer = ropts.referer;","    }","    ","    if (ropts.proxies && ropts.proxies.length) {","        ropts.proxy = ropts.proxies[0];","    }","    ","    self.emit(\"request\",ropts);","","    var requestArgs = ['uri','url','qs','method','headers','body','form','json','multipart','followRedirect',","\t\t       'followAllRedirects', 'maxRedirects','encoding','pool','timeout','proxy','auth','oauth','strictSSL',","\t\t       'jar','aws','gzip','time','tunnel','proxyHeaderWhiteList','proxyHeaderExclusiveList','localAddress','forever'];","","    request(_.pick.apply(self,[ropts].concat(requestArgs)), function(error,response) {","        if (error) {","            return self._onContent(error, options);","        }","\t","        self._onContent(error,options,response);","    });","};","","Crawler.prototype._onContent = function _onContent (error, options, response) {","    var self = this;","","    if (error) {","        log(\"error\",'Error '+error+' when fetching '+","\t    options.uri+(options.retries?' ('+options.retries+' retries left)':''));","\t","        if (options.retries) {","            setTimeout(function() {","                options.retries--;","\t\tself.queue(options);","\t\toptions.release();","            },options.retryTimeout);","        } else{","            options.callback(error,{options:options},options.release);","\t}","\t","\treturn;","    }","    ","    if (!response.body) { response.body=''; }","","    log(\"debug\",'Got '+(options.uri||'html')+' ('+response.body.length+' bytes)...');","","    try{","        self._doEncoding(options,response);","    }catch(e){","        log(\"error\",e);","\treturn options.callback(e,{options:options},options.release);","    }","    ","    response.options = options;","","    if(options.method === 'HEAD' || !options.jQuery){","\treturn options.callback(null,response,options.release);","    }","","    if (!options.html && !typeis(contentType(response), ['html','xhtml'])){","\tlog(\"warn\",\"response body is not HTML, skip injecting\");","\treturn options.callback(null,response,options.release);","    }","","    log(\"debug\",\"Injecting\");","    ","    self._inject(response, options, self._injected.bind(self));","};","","Crawler.prototype._injected = function(errors, response, options, $){","    if(this.debug)","\tlog(\"debug\",\"Injected\")","","    response.$ = $;","    options.callback(errors, response, options.release);","}","","Crawler.prototype._doEncoding = function(options,response){","    var self = this;","    ","    if(options.encoding === null){","\treturn;","    }","    ","    if (options.forceUTF8) {","\tvar charset = options.incomingEncoding || self._parseCharset(response);","\t","        log(\"debug\",'Charset ' + charset);","","        if (charset !== 'utf-8' && charset !== 'ascii') {// convert response.body into 'utf-8' encoded buffer","            response.body = iconvLite.decode(response.body, charset);","        }","    }","    ","    response.body = response.body.toString();","}","","Crawler.prototype._parseCharset = function(res){","    var charset = charsetParser(contentType(res));","    if(charset)","\treturn charset;","","    if(!typeis(contentType(res), ['html'])){","\tlog(\"debug\",'Charset not detected in response headers, please specify using `incomingEncoding`, use `utf-8` by default');","\treturn 'utf-8';","    }","    ","    var body = res.body instanceof Buffer?res.body.toString():res.body;","    charset = charsetParser(contentType(res),body,'utf-8');","    ","    return charset;","}","","Object.defineProperty(Crawler.prototype,'queueSize',{","    get:function(){","\treturn this.limiters.unfinishedClients;","    }","})","","module.exports = Crawler;",""],"l":{"4":1,"17":1,"18":1,"19":1,"22":1,"23":0,"24":0,"27":1,"28":0,"29":0,"30":0,"32":0,"35":1,"36":0,"37":0,"38":0,"41":0,"45":1,"46":0,"49":1,"50":0,"53":1,"55":1,"56":0,"58":0,"59":0,"60":0,"63":0,"66":1,"68":1,"69":0,"71":0,"92":0,"95":0,"98":0,"100":0,"101":0,"102":0,"103":0,"104":0,"106":0,"107":0,"109":0,"110":0,"111":0,"113":0,"114":0,"118":1,"119":0,"121":0,"122":0,"123":0,"126":0,"127":0,"128":0,"129":0,"134":0,"135":0,"137":0,"138":0,"139":0,"140":0,"143":0,"144":0,"145":0,"150":0,"151":0,"153":0,"154":0,"155":0,"157":0,"163":0,"169":0,"173":1,"174":0,"177":0,"179":0,"181":0,"182":0,"183":0,"184":0,"186":0,"192":1,"193":0,"196":0,"198":0,"202":0,"205":0,"206":0,"209":0,"211":0,"212":0,"213":0,"214":0,"216":0,"217":0,"220":0,"221":0,"222":0,"223":0,"224":0,"225":0,"228":0,"233":1,"234":0,"235":0,"236":0,"237":0,"238":0,"243":1,"244":0,"245":0,"246":0,"247":0,"249":0,"253":1,"254":0,"256":0,"257":0,"258":0,"266":0,"267":0,"268":0,"270":0,"271":0,"272":0,"273":0,"274":0,"276":0,"278":0,"282":0,"283":0,"286":0,"287":0,"290":0,"292":0,"296":0,"297":0,"298":0,"301":0,"305":1,"306":0,"308":0,"309":0,"312":0,"313":0,"314":0,"315":0,"316":0,"319":0,"322":0,"325":0,"327":0,"329":0,"330":0,"332":0,"333":0,"336":0,"338":0,"339":0,"342":0,"343":0,"344":0,"347":0,"349":0,"352":1,"353":0,"354":0,"356":0,"357":0,"360":1,"361":0,"363":0,"364":0,"367":0,"368":0,"370":0,"372":0,"373":0,"377":0,"380":1,"381":0,"382":0,"383":0,"385":0,"386":0,"387":0,"390":0,"391":0,"393":0,"396":1,"398":0,"402":1}},"/home/travis/build/npmtest/node-npmtest-crawler/node_modules/crawler/lib/debug.js":{"path":"/home/travis/build/npmtest/node-npmtest-crawler/node_modules/crawler/lib/debug.js","s":{"1":1,"2":1,"3":1,"4":0,"5":0},"b":{"1":[0,0]},"f":{"1":0},"fnMap":{"1":{"name":"debug","line":5,"loc":{"start":{"line":5,"column":17},"end":{"line":5,"column":34}}}},"statementMap":{"1":{"start":{"line":3,"column":0},"end":{"line":3,"column":27}},"2":{"start":{"line":4,"column":0},"end":{"line":4,"column":35}},"3":{"start":{"line":5,"column":0},"end":{"line":9,"column":2}},"4":{"start":{"line":6,"column":4},"end":{"line":8,"column":5}},"5":{"start":{"line":7,"column":8},"end":{"line":7,"column":71}}},"branchMap":{"1":{"line":6,"type":"if","locations":[{"start":{"line":6,"column":4},"end":{"line":6,"column":4}},{"start":{"line":6,"column":4},"end":{"line":6,"column":4}}]}},"code":["'use strict';","","var util = require('util');","var crawler = require('./crawler');","module.exports = function debug() {","    if (crawler.debug) {","        console.error('CRAWLER %s', util.format.apply(util, arguments))","    }","};"],"l":{"3":1,"4":1,"5":1,"6":0,"7":0}}}